2024-07-18T06:31:55.818399+00:00 ERROR 'ansible_navigator.actions.collections._parse' Unable to extract collection json from stdout
2024-07-18T06:32:55.757070+00:00 ERROR 'ansible_navigator.actions.collections._parse' Unable to extract collection json from stdout
2024-07-18T06:33:58.290120+00:00 ERROR 'ansible_navigator.actions.collections._parse' Unable to extract collection json from stdout
2024-07-18T06:37:05.788777+00:00 INFO 'ansible_navigator.setup_logger' New ansible-navigator instance, logging initialized
2024-07-18T06:37:05.789162+00:00 INFO 'ansible_navigator.setup_logger' New ansible-runner instance, logging initialized
2024-07-18T06:37:05.789231+00:00 DEBUG 'ansible_navigator.main' ansible-builder==1.1.0 /usr/lib/python3.9/site-packages
2024-07-18T06:37:05.789263+00:00 DEBUG 'ansible_navigator.main' ansible-compat==2.0.2 /usr/lib/python3.9/site-packages
2024-07-18T06:37:05.789287+00:00 DEBUG 'ansible_navigator.main' ansible-core==2.13.4 /usr/lib/python3.9/site-packages
2024-07-18T06:37:05.789309+00:00 DEBUG 'ansible_navigator.main' ansible-lint==6.0.2 /usr/lib/python3.9/site-packages
2024-07-18T06:37:05.789342+00:00 DEBUG 'ansible_navigator.main' ansible-navigator==2.1.0 /usr/lib/python3.9/site-packages
2024-07-18T06:37:05.789371+00:00 DEBUG 'ansible_navigator.main' ansible-runner==2.2.1 /usr/lib/python3.9/site-packages
2024-07-18T06:37:05.789392+00:00 DEBUG 'ansible_navigator.main' attrs==21.4.0 /usr/lib/python3.9/site-packages
2024-07-18T06:37:05.789412+00:00 DEBUG 'ansible_navigator.main' bindep==2.10.2 /usr/lib/python3.9/site-packages
2024-07-18T06:37:05.789432+00:00 DEBUG 'ansible_navigator.main' bracex==2.2.1 /usr/lib/python3.9/site-packages
2024-07-18T06:37:05.789452+00:00 DEBUG 'ansible_navigator.main' cffi==1.14.3 /usr/lib64/python3.9/site-packages
2024-07-18T06:37:05.789471+00:00 DEBUG 'ansible_navigator.main' commonmark==0.9.1 /usr/lib/python3.9/site-packages
2024-07-18T06:37:05.789491+00:00 DEBUG 'ansible_navigator.main' cryptography==3.3.1 /usr/lib64/python3.9/site-packages
2024-07-18T06:37:05.789510+00:00 DEBUG 'ansible_navigator.main' distro==1.6.0 /usr/lib/python3.9/site-packages
2024-07-18T06:37:05.789530+00:00 DEBUG 'ansible_navigator.main' docutils==0.16 /usr/lib/python3.9/site-packages
2024-07-18T06:37:05.789549+00:00 DEBUG 'ansible_navigator.main' enrich==1.2.7 /usr/lib/python3.9/site-packages
2024-07-18T06:37:05.789569+00:00 DEBUG 'ansible_navigator.main' future==0.18.2 /usr/lib/python3.9/site-packages
2024-07-18T06:37:05.789588+00:00 DEBUG 'ansible_navigator.main' idna==2.10 /usr/lib/python3.9/site-packages
2024-07-18T06:37:05.789609+00:00 DEBUG 'ansible_navigator.main' importlib-metadata==4.10.1 /usr/lib/python3.9/site-packages
2024-07-18T06:37:05.789628+00:00 DEBUG 'ansible_navigator.main' jinja2==3.0.3 /usr/lib/python3.9/site-packages
2024-07-18T06:37:05.789648+00:00 DEBUG 'ansible_navigator.main' jsonschema==4.6.0 /usr/lib/python3.9/site-packages
2024-07-18T06:37:05.789668+00:00 DEBUG 'ansible_navigator.main' lockfile==0.12.2 /usr/lib/python3.9/site-packages
2024-07-18T06:37:05.789687+00:00 DEBUG 'ansible_navigator.main' markupsafe==2.1.0 /usr/lib64/python3.9/site-packages
2024-07-18T06:37:05.789706+00:00 DEBUG 'ansible_navigator.main' onigurumacffi==1.1.0 /usr/lib64/python3.9/site-packages
2024-07-18T06:37:05.789726+00:00 DEBUG 'ansible_navigator.main' packaging==21.3 /usr/lib/python3.9/site-packages
2024-07-18T06:37:05.789745+00:00 DEBUG 'ansible_navigator.main' parsley==1.3 /usr/lib/python3.9/site-packages
2024-07-18T06:37:05.789764+00:00 DEBUG 'ansible_navigator.main' pathspec==0.9.0 /usr/lib/python3.9/site-packages
2024-07-18T06:37:05.789783+00:00 DEBUG 'ansible_navigator.main' pbr==5.8.1 /usr/lib/python3.9/site-packages
2024-07-18T06:37:05.789802+00:00 DEBUG 'ansible_navigator.main' pexpect==4.8.0 /usr/lib/python3.9/site-packages
2024-07-18T06:37:05.789821+00:00 DEBUG 'ansible_navigator.main' pip==20.2.4 /usr/lib/python3.9/site-packages
2024-07-18T06:37:05.789840+00:00 DEBUG 'ansible_navigator.main' ply==3.11 /usr/lib/python3.9/site-packages
2024-07-18T06:37:05.789860+00:00 DEBUG 'ansible_navigator.main' ptyprocess==0.6.0 /usr/lib/python3.9/site-packages
2024-07-18T06:37:05.789891+00:00 DEBUG 'ansible_navigator.main' pycparser==2.20 /usr/lib/python3.9/site-packages
2024-07-18T06:37:05.789911+00:00 DEBUG 'ansible_navigator.main' pygments==2.11.2 /usr/lib/python3.9/site-packages
2024-07-18T06:37:05.789931+00:00 DEBUG 'ansible_navigator.main' pyparsing==2.4.7 /usr/lib/python3.9/site-packages
2024-07-18T06:37:05.789950+00:00 DEBUG 'ansible_navigator.main' pyrsistent==0.18.1 /usr/lib64/python3.9/site-packages
2024-07-18T06:37:05.789982+00:00 DEBUG 'ansible_navigator.main' python-daemon==2.3.0 /usr/lib/python3.9/site-packages
2024-07-18T06:37:05.790003+00:00 DEBUG 'ansible_navigator.main' pyyaml==5.4.1 /usr/lib64/python3.9/site-packages
2024-07-18T06:37:05.790022+00:00 DEBUG 'ansible_navigator.main' requirements-parser==0.2.0 /usr/lib/python3.9/site-packages
2024-07-18T06:37:05.790057+00:00 DEBUG 'ansible_navigator.main' resolvelib==0.5.4 /usr/lib/python3.9/site-packages
2024-07-18T06:37:05.790077+00:00 DEBUG 'ansible_navigator.main' rich==12.0.0 /usr/lib/python3.9/site-packages
2024-07-18T06:37:05.790097+00:00 DEBUG 'ansible_navigator.main' ruamel.yaml.clib==0.2.6 /usr/lib64/python3.9/site-packages
2024-07-18T06:37:05.790117+00:00 DEBUG 'ansible_navigator.main' ruamel.yaml==0.17.21 /usr/lib/python3.9/site-packages
2024-07-18T06:37:05.790136+00:00 DEBUG 'ansible_navigator.main' setuptools==50.3.2 /usr/lib/python3.9/site-packages
2024-07-18T06:37:05.790155+00:00 DEBUG 'ansible_navigator.main' six==1.15.0 /usr/lib/python3.9/site-packages
2024-07-18T06:37:05.790174+00:00 DEBUG 'ansible_navigator.main' subprocess-tee==0.3.5 /usr/lib/python3.9/site-packages
2024-07-18T06:37:05.790193+00:00 DEBUG 'ansible_navigator.main' typing-extensions==3.10.0.2 /usr/lib/python3.9/site-packages
2024-07-18T06:37:05.790219+00:00 DEBUG 'ansible_navigator.main' wcmatch==8.3 /usr/lib/python3.9/site-packages
2024-07-18T06:37:05.790242+00:00 DEBUG 'ansible_navigator.main' yamllint==1.26.3 /usr/lib/python3.9/site-packages
2024-07-18T06:37:05.790261+00:00 DEBUG 'ansible_navigator.main' zipp==3.4.0 /usr/lib/python3.9/site-packages
2024-07-18T06:37:05.790281+00:00 DEBUG 'ansible_navigator.main' Share directory '/usr/lib/python3.9/share/ansible_navigator' not found (development path)
2024-07-18T06:37:05.790313+00:00 DEBUG 'ansible_navigator.main' Share directory '/home/student/.local/share/ansible_navigator' not found (userbase)
2024-07-18T06:37:05.790334+00:00 DEBUG 'ansible_navigator.main' Share directory '/usr/share/ansible_navigator' found (sys.prefix)
2024-07-18T06:37:05.790357+00:00 DEBUG 'ansible_navigator.main' Default collection_doc_cache_path set to: /home/student/.cache/ansible-navigator/collection_doc_cache.db
2024-07-18T06:37:05.790384+00:00 DEBUG 'ansible_navigator.main' EDITOR environment variable not set
2024-07-18T06:37:05.790405+00:00 DEBUG 'ansible_navigator.main' Default editor_command set to: vi +{line_number} {filename}
2024-07-18T06:37:05.790425+00:00 DEBUG 'ansible_navigator.main' No config file set by ANSIBLE_NAVIGATOR_CONFIG
2024-07-18T06:37:05.790445+00:00 DEBUG 'ansible_navigator.main' Looking in /home/student
2024-07-18T06:37:05.790464+00:00 DEBUG 'ansible_navigator.main' Looking for '/home/student/.ansible-navigator.yml', '/home/student/.ansible-navigator.yaml' and '/home/student/.ansible-navigator.json'
2024-07-18T06:37:05.790485+00:00 DEBUG 'ansible_navigator.main' Found 0: 
2024-07-18T06:37:05.790505+00:00 DEBUG 'ansible_navigator.main' Looking in /home/student/do374/proj
2024-07-18T06:37:05.790524+00:00 DEBUG 'ansible_navigator.main' Looking for '/home/student/do374/proj/ansible-navigator.yml', '/home/student/do374/proj/ansible-navigator.yaml' and '/home/student/do374/proj/ansible-navigator.json'
2024-07-18T06:37:05.790545+00:00 DEBUG 'ansible_navigator.main' Found 1: '/home/student/do374/proj/ansible-navigator.yaml'
2024-07-18T06:37:05.790564+00:00 DEBUG 'ansible_navigator.main' All found 1: '/home/student/do374/proj/ansible-navigator.yaml'
2024-07-18T06:37:05.790584+00:00 DEBUG 'ansible_navigator.main' Using: /home/student/do374/proj/ansible-navigator.yaml
2024-07-18T06:37:05.790608+00:00 DEBUG 'ansible_navigator.main' Using settings file at /home/student/do374/proj/ansible-navigator.yaml in search path
2024-07-18T06:37:05.790628+00:00 DEBUG 'ansible_navigator.main' Command provided: 'collections list --ll debug'
2024-07-18T06:37:05.790648+00:00 DEBUG 'ansible_navigator.main' ansible-navigator.ansible-runner.artifact-dir not found in settings file
2024-07-18T06:37:05.790667+00:00 DEBUG 'ansible_navigator.main' ansible-navigator.ansible-runner.rotate-artifacts-count not found in settings file
2024-07-18T06:37:05.790687+00:00 DEBUG 'ansible_navigator.main' ansible-navigator.ansible-runner.timeout not found in settings file
2024-07-18T06:37:05.790706+00:00 DEBUG 'ansible_navigator.main' ansible-navigator.app not found in settings file
2024-07-18T06:37:05.790726+00:00 DEBUG 'ansible_navigator.main' ansible-navigator.ansible.cmdline not found in settings file
2024-07-18T06:37:05.790745+00:00 DEBUG 'ansible_navigator.main' ansible-navigator.collection-doc-cache-path not found in settings file
2024-07-18T06:37:05.790765+00:00 DEBUG 'ansible_navigator.main' ansible-navigator.ansible.config.path not found in settings file
2024-07-18T06:37:05.790784+00:00 DEBUG 'ansible_navigator.main' ansible-navigator.execution-environment.container-options not found in settings file
2024-07-18T06:37:05.790803+00:00 DEBUG 'ansible_navigator.main' ansible-navigator.color.enable not found in settings file
2024-07-18T06:37:05.790823+00:00 DEBUG 'ansible_navigator.main' ansible-navigator.editor.command not found in settings file
2024-07-18T06:37:05.790842+00:00 DEBUG 'ansible_navigator.main' ansible-navigator.editor.console not found in settings file
2024-07-18T06:37:05.790861+00:00 DEBUG 'ansible_navigator.main' ansible-navigator.exec.command not found in settings file
2024-07-18T06:37:05.790880+00:00 DEBUG 'ansible_navigator.main' ansible-navigator.exec.shell not found in settings file
2024-07-18T06:37:05.790900+00:00 DEBUG 'ansible_navigator.main' ansible-navigator.execution-environment.enabled not found in settings file
2024-07-18T06:37:05.790919+00:00 DEBUG 'ansible_navigator.main' ansible-navigator.execution-environment.volume-mounts not found in settings file
2024-07-18T06:37:05.790938+00:00 DEBUG 'ansible_navigator.main' ansible-navigator.ansible-builder.help not found in settings file
2024-07-18T06:37:05.790957+00:00 DEBUG 'ansible_navigator.main' ansible-navigator.ansible.config.help not found in settings file
2024-07-18T06:37:05.790989+00:00 DEBUG 'ansible_navigator.main' ansible-navigator.ansible.doc.help not found in settings file
2024-07-18T06:37:05.791009+00:00 DEBUG 'ansible_navigator.main' ansible-navigator.ansible.inventory.help not found in settings file
2024-07-18T06:37:05.791043+00:00 DEBUG 'ansible_navigator.main' ansible-navigator.ansible.playbook.help not found in settings file
2024-07-18T06:37:05.791067+00:00 DEBUG 'ansible_navigator.main' ansible-navigator.images.details not found in settings file
2024-07-18T06:37:05.791087+00:00 DEBUG 'ansible_navigator.main' ansible-navigator.ansible.inventory.entries not found in settings file
2024-07-18T06:37:05.791106+00:00 DEBUG 'ansible_navigator.main' ansible-navigator.inventory-columns not found in settings file
2024-07-18T06:37:05.791126+00:00 DEBUG 'ansible_navigator.main' ansible-navigator.ansible-lint.config not found in settings file
2024-07-18T06:37:05.791146+00:00 DEBUG 'ansible_navigator.main' ansible-navigator.ansible-lint.lintables not found in settings file
2024-07-18T06:37:05.791164+00:00 DEBUG 'ansible_navigator.main' ansible-navigator.logging.append not found in settings file
2024-07-18T06:37:05.791183+00:00 DEBUG 'ansible_navigator.main' ansible-navigator.logging.level not found in settings file
2024-07-18T06:37:05.791202+00:00 DEBUG 'ansible_navigator.main' ansible-navigator.color.osc4 not found in settings file
2024-07-18T06:37:05.791226+00:00 DEBUG 'ansible_navigator.main' ansible-navigator.execution-environment.environment-variables.pass not found in settings file
2024-07-18T06:37:05.791263+00:00 DEBUG 'ansible_navigator.main' ansible-navigator.ansible.playbook.path not found in settings file
2024-07-18T06:37:05.791284+00:00 DEBUG 'ansible_navigator.main' ansible-navigator.playbook-artifact.replay not found in settings file
2024-07-18T06:37:05.791303+00:00 DEBUG 'ansible_navigator.main' ansible-navigator.playbook-artifact.save-as not found in settings file
2024-07-18T06:37:05.791322+00:00 DEBUG 'ansible_navigator.main' ansible-navigator.ansible.doc.plugin.name not found in settings file
2024-07-18T06:37:05.791341+00:00 DEBUG 'ansible_navigator.main' ansible-navigator.ansible.doc.plugin.type not found in settings file
2024-07-18T06:37:05.791362+00:00 DEBUG 'ansible_navigator.main' ansible-navigator.execution-environment.pull.arguments not found in settings file
2024-07-18T06:37:05.791389+00:00 DEBUG 'ansible_navigator.main' ansible-navigator.execution-environment.pull.policy not found in settings file
2024-07-18T06:37:05.791409+00:00 DEBUG 'ansible_navigator.main' ansible-navigator.execution-environment.environment-variables.set not found in settings file
2024-07-18T06:37:05.791429+00:00 DEBUG 'ansible_navigator.main' ansible-navigator.settings.effective not found in settings file
2024-07-18T06:37:05.791448+00:00 DEBUG 'ansible_navigator.main' ansible-navigator.settings.sample not found in settings file
2024-07-18T06:37:05.791466+00:00 DEBUG 'ansible_navigator.main' ansible-navigator.settings.schema not found in settings file
2024-07-18T06:37:05.791485+00:00 DEBUG 'ansible_navigator.main' ansible-navigator.settings.sources not found in settings file
2024-07-18T06:37:05.791507+00:00 DEBUG 'ansible_navigator.main' ansible-navigator.time-zone not found in settings file
2024-07-18T06:37:05.791528+00:00 DEBUG 'ansible_navigator.main' ansible-navigator.ansible-builder.workdir not found in settings file
2024-07-18T06:37:05.791548+00:00 DEBUG 'ansible_navigator.main' EE support enabled: using current working directory for 'ansible.cfg'
2024-07-18T06:37:05.791571+00:00 INFO 'ansible_navigator.main' EE support enabled: found 'ansible.cfg' in current working directory.
2024-07-18T06:37:05.791590+00:00 DEBUG 'ansible_navigator.main' Completed post processing for ansible_runner_artifact_dir. (changed=False)
2024-07-18T06:37:05.791610+00:00 DEBUG 'ansible_navigator.main' Completed post processing for ansible_runner_rotate_artifacts_count. (changed=False)
2024-07-18T06:37:05.791629+00:00 DEBUG 'ansible_navigator.main' Completed post processing for ansible_runner_timeout. (changed=False)
2024-07-18T06:37:05.791648+00:00 DEBUG 'ansible_navigator.main' Completed post processing for cmdline. (changed=False)
2024-07-18T06:37:05.791667+00:00 DEBUG 'ansible_navigator.main' Completed post processing for collection_doc_cache_path. (changed=False)
2024-07-18T06:37:05.791687+00:00 DEBUG 'ansible_navigator.main' Completed post processing for container_engine. (changed=False)
2024-07-18T06:37:05.791706+00:00 DEBUG 'ansible_navigator.main' Completed post processing for container_options. (changed=False)
2024-07-18T06:37:05.791726+00:00 DEBUG 'ansible_navigator.main' Completed post processing for display_color. (changed=False)
2024-07-18T06:37:05.791745+00:00 DEBUG 'ansible_navigator.main' Completed post processing for execution_environment. (changed=False)
2024-07-18T06:37:05.791764+00:00 DEBUG 'ansible_navigator.main' Completed post processing for execution_environment_image. (changed=True)
2024-07-18T06:37:05.791783+00:00 DEBUG 'ansible_navigator.main'  before: 'hub.lab.example.com/ee-supported-rhel8'
2024-07-18T06:37:05.791803+00:00 DEBUG 'ansible_navigator.main'  after: 'hub.lab.example.com/ee-supported-rhel8:latest'
2024-07-18T06:37:05.791822+00:00 DEBUG 'ansible_navigator.main' Completed post processing for help_builder. (changed=False)
2024-07-18T06:37:05.791841+00:00 DEBUG 'ansible_navigator.main' Completed post processing for help_config. (changed=False)
2024-07-18T06:37:05.791860+00:00 DEBUG 'ansible_navigator.main' Completed post processing for help_doc. (changed=False)
2024-07-18T06:37:05.791879+00:00 DEBUG 'ansible_navigator.main' Completed post processing for help_inventory. (changed=False)
2024-07-18T06:37:05.791901+00:00 DEBUG 'ansible_navigator.main' Completed post processing for help_playbook. (changed=False)
2024-07-18T06:37:05.791920+00:00 DEBUG 'ansible_navigator.main' Completed post processing for images_details. (changed=False)
2024-07-18T06:37:05.791939+00:00 DEBUG 'ansible_navigator.main' Completed post processing for inventory. (changed=True)
2024-07-18T06:37:05.791958+00:00 DEBUG 'ansible_navigator.main'  before: 'Not set'
2024-07-18T06:37:05.791991+00:00 DEBUG 'ansible_navigator.main'  after: '['/home/student/do374/proj/hosts']'
2024-07-18T06:37:05.792010+00:00 DEBUG 'ansible_navigator.main' Completed post processing for inventory_column. (changed=False)
2024-07-18T06:37:05.792039+00:00 DEBUG 'ansible_navigator.main' Completed post processing for log_file. (changed=True)
2024-07-18T06:37:05.792062+00:00 DEBUG 'ansible_navigator.main'  before: 'logs/ansible-navigator.log'
2024-07-18T06:37:05.792082+00:00 DEBUG 'ansible_navigator.main'  after: '/home/student/do374/proj/logs/ansible-navigator.log'
2024-07-18T06:37:05.792101+00:00 DEBUG 'ansible_navigator.main' Completed post processing for pass_environment_variable. (changed=False)
2024-07-18T06:37:05.792121+00:00 DEBUG 'ansible_navigator.main' Completed post processing for playbook. (changed=False)
2024-07-18T06:37:05.792140+00:00 DEBUG 'ansible_navigator.main' Completed post processing for playbook_artifact_replay. (changed=False)
2024-07-18T06:37:05.792160+00:00 DEBUG 'ansible_navigator.main' Completed post processing for playbook_artifact_save_as. (changed=False)
2024-07-18T06:37:05.792179+00:00 DEBUG 'ansible_navigator.main' Completed post processing for plugin_name. (changed=False)
2024-07-18T06:37:05.792199+00:00 DEBUG 'ansible_navigator.main' Completed post processing for pull_arguments. (changed=False)
2024-07-18T06:37:05.792218+00:00 DEBUG 'ansible_navigator.main' Completed post processing for set_environment_variable. (changed=False)
2024-07-18T06:37:05.792246+00:00 DEBUG 'ansible_navigator.main' Completed post processing for settings_effective. (changed=False)
2024-07-18T06:37:05.792269+00:00 DEBUG 'ansible_navigator.main' Completed post processing for settings_sample. (changed=False)
2024-07-18T06:37:05.792288+00:00 DEBUG 'ansible_navigator.main' Completed post processing for settings_schema. (changed=False)
2024-07-18T06:37:05.792307+00:00 DEBUG 'ansible_navigator.main' Completed post processing for settings_sources. (changed=False)
2024-07-18T06:37:05.792326+00:00 DEBUG 'ansible_navigator.main' Completed post processing for time_zone. (changed=False)
2024-07-18T06:37:05.792346+00:00 DEBUG 'ansible_navigator.main' Completed post processing for execution_environment_volume_mounts. (changed=False)
2024-07-18T06:37:05.792365+00:00 DEBUG 'ansible_navigator.main' Completed post processing for mode. (changed=False)
2024-07-18T06:37:05.792394+00:00 DEBUG 'ansible_navigator.main' Collection doc cache not mounted
2024-07-18T06:37:05.792416+00:00 DEBUG 'ansible_navigator.main' Collection doc cache: 'path' is '/home/student/.cache/ansible-navigator/collection_doc_cache.db'
2024-07-18T06:37:05.792436+00:00 DEBUG 'ansible_navigator.main' Collection doc cache: 'current version' is '1.0'
2024-07-18T06:37:05.792455+00:00 DEBUG 'ansible_navigator.main' Collection doc cache not attached to args.internals
2024-07-18T06:37:05.792474+00:00 DEBUG 'ansible_navigator.main' Running with ansible_runner_artifact_dir as 'Not set' (Constants/Not set)
2024-07-18T06:37:05.792493+00:00 DEBUG 'ansible_navigator.main' Running with ansible_runner_rotate_artifacts_count as 'Not set' (Constants/Not set)
2024-07-18T06:37:05.792513+00:00 DEBUG 'ansible_navigator.main' Running with ansible_runner_timeout as 'Not set' (Constants/Not set)
2024-07-18T06:37:05.792532+00:00 DEBUG 'ansible_navigator.main' Running with app as 'collections' (str/Command line)
2024-07-18T06:37:05.792551+00:00 DEBUG 'ansible_navigator.main' Running with cmdline as '['list']' (list/Command line)
2024-07-18T06:37:05.792577+00:00 DEBUG 'ansible_navigator.main' Running with collection_doc_cache_path as '/home/student/.cache/ansible-navigator/collection_doc_cache.db' (str/Defaults)
2024-07-18T06:37:05.792597+00:00 DEBUG 'ansible_navigator.main' Running with config as 'Not set' (Constants/Not set)
2024-07-18T06:37:05.792617+00:00 DEBUG 'ansible_navigator.main' Running with container_engine as 'podman' (str/Settings file)
2024-07-18T06:37:05.792636+00:00 DEBUG 'ansible_navigator.main' Running with container_options as 'Not set' (Constants/Not set)
2024-07-18T06:37:05.792655+00:00 DEBUG 'ansible_navigator.main' Running with display_color as 'True' (bool/Defaults)
2024-07-18T06:37:05.792674+00:00 DEBUG 'ansible_navigator.main' Running with editor_command as 'vi +{line_number} {filename}' (str/Defaults)
2024-07-18T06:37:05.792693+00:00 DEBUG 'ansible_navigator.main' Running with editor_console as 'True' (bool/Defaults)
2024-07-18T06:37:05.792712+00:00 DEBUG 'ansible_navigator.main' Running with exec_command as '/bin/bash' (str/Defaults)
2024-07-18T06:37:05.792731+00:00 DEBUG 'ansible_navigator.main' Running with exec_shell as 'True' (bool/Defaults)
2024-07-18T06:37:05.792751+00:00 DEBUG 'ansible_navigator.main' Running with execution_environment as 'True' (bool/Defaults)
2024-07-18T06:37:05.792769+00:00 DEBUG 'ansible_navigator.main' Running with execution_environment_image as 'hub.lab.example.com/ee-supported-rhel8:latest' (str/Settings file)
2024-07-18T06:37:05.792789+00:00 DEBUG 'ansible_navigator.main' Running with execution_environment_volume_mounts as 'Not set' (Constants/Not set)
2024-07-18T06:37:05.792808+00:00 DEBUG 'ansible_navigator.main' Running with help_builder as 'False' (bool/Defaults)
2024-07-18T06:37:05.792827+00:00 DEBUG 'ansible_navigator.main' Running with help_config as 'False' (bool/Defaults)
2024-07-18T06:37:05.792846+00:00 DEBUG 'ansible_navigator.main' Running with help_doc as 'False' (bool/Defaults)
2024-07-18T06:37:05.792865+00:00 DEBUG 'ansible_navigator.main' Running with help_inventory as 'False' (bool/Defaults)
2024-07-18T06:37:05.792894+00:00 DEBUG 'ansible_navigator.main' Running with help_playbook as 'False' (bool/Defaults)
2024-07-18T06:37:05.792914+00:00 DEBUG 'ansible_navigator.main' Running with images_details as '['everything']' (list/Defaults)
2024-07-18T06:37:05.792934+00:00 DEBUG 'ansible_navigator.main' Running with inventory as '['/home/student/do374/proj/hosts']' (list/Ansible configuration file)
2024-07-18T06:37:05.792953+00:00 DEBUG 'ansible_navigator.main' Running with inventory_column as 'Not set' (Constants/Not set)
2024-07-18T06:37:05.792980+00:00 DEBUG 'ansible_navigator.main' Running with lint_config as 'Not set' (Constants/Not set)
2024-07-18T06:37:05.793000+00:00 DEBUG 'ansible_navigator.main' Running with lintables as 'Not set' (Constants/Not set)
2024-07-18T06:37:05.793019+00:00 DEBUG 'ansible_navigator.main' Running with log_append as 'True' (bool/Defaults)
2024-07-18T06:37:05.793050+00:00 DEBUG 'ansible_navigator.main' Running with log_file as '/home/student/do374/proj/logs/ansible-navigator.log' (str/Settings file)
2024-07-18T06:37:05.793071+00:00 DEBUG 'ansible_navigator.main' Running with log_level as 'debug' (str/Command line)
2024-07-18T06:37:05.793090+00:00 DEBUG 'ansible_navigator.main' Running with mode as 'stdout' (str/Settings file)
2024-07-18T06:37:05.793109+00:00 DEBUG 'ansible_navigator.main' Running with osc4 as 'True' (bool/Defaults)
2024-07-18T06:37:05.793129+00:00 DEBUG 'ansible_navigator.main' Running with pass_environment_variable as 'Not set' (Constants/Not set)
2024-07-18T06:37:05.793149+00:00 DEBUG 'ansible_navigator.main' Running with playbook as 'Not set' (Constants/Not set)
2024-07-18T06:37:05.793168+00:00 DEBUG 'ansible_navigator.main' Running with playbook_artifact_enable as 'False' (bool/Settings file)
2024-07-18T06:37:05.793187+00:00 DEBUG 'ansible_navigator.main' Running with playbook_artifact_replay as 'Not set' (Constants/Not set)
2024-07-18T06:37:05.793206+00:00 DEBUG 'ansible_navigator.main' Running with playbook_artifact_save_as as '{playbook_dir}/{playbook_name}-artifact-{time_stamp}.json' (str/Defaults)
2024-07-18T06:37:05.793238+00:00 DEBUG 'ansible_navigator.main' Running with plugin_name as 'Not set' (Constants/Not set)
2024-07-18T06:37:05.793269+00:00 DEBUG 'ansible_navigator.main' Running with plugin_type as 'module' (str/Defaults)
2024-07-18T06:37:05.793289+00:00 DEBUG 'ansible_navigator.main' Running with pull_arguments as 'Not set' (Constants/Not set)
2024-07-18T06:37:05.793309+00:00 DEBUG 'ansible_navigator.main' Running with pull_policy as 'tag' (str/Defaults)
2024-07-18T06:37:05.793328+00:00 DEBUG 'ansible_navigator.main' Running with set_environment_variable as 'Not set' (Constants/Not set)
2024-07-18T06:37:05.793348+00:00 DEBUG 'ansible_navigator.main' Running with settings_effective as 'False' (bool/Defaults)
2024-07-18T06:37:05.793366+00:00 DEBUG 'ansible_navigator.main' Running with settings_sample as 'False' (bool/Defaults)
2024-07-18T06:37:05.793389+00:00 DEBUG 'ansible_navigator.main' Running with settings_schema as 'json' (str/Defaults)
2024-07-18T06:37:05.793417+00:00 DEBUG 'ansible_navigator.main' Running with settings_sources as 'False' (bool/Defaults)
2024-07-18T06:37:05.793438+00:00 DEBUG 'ansible_navigator.main' Running with time_zone as 'UTC' (str/Defaults)
2024-07-18T06:37:05.793458+00:00 DEBUG 'ansible_navigator.main' Running with workdir as '/home/student/do374/proj' (str/Defaults)
2024-07-18T06:37:05.793593+00:00 INFO 'ansible_navigator.image_manager.puller._log_message' Image tag is: latest
2024-07-18T06:37:05.992342+00:00 INFO 'ansible_navigator.image_manager.puller._log_message' Execution environment image name:: hub.lab.example.com/ee-supported-rhel8:latest
2024-07-18T06:37:05.992644+00:00 INFO 'ansible_navigator.image_manager.puller._log_message' Execution environment image tag:: latest
2024-07-18T06:37:05.992744+00:00 INFO 'ansible_navigator.image_manager.puller._log_message' Execution environment pull arguments:: None
2024-07-18T06:37:05.992808+00:00 INFO 'ansible_navigator.image_manager.puller._log_message' Execution environment pull policy:: tag
2024-07-18T06:37:05.992867+00:00 INFO 'ansible_navigator.image_manager.puller._log_message' Execution environment pull needed:: True
2024-07-18T06:37:06.891193+00:00 INFO 'ansible_navigator.image_manager.puller._log_message' Execution environment updated
2024-07-18T06:37:06.897956+00:00 DEBUG 'ansible_navigator.actions.collections.run_stdout' collection requested in stdout mode
2024-07-18T06:37:06.937146+00:00 DEBUG 'ansible_navigator.actions.collections._update_args' No config file set by ANSIBLE_NAVIGATOR_CONFIG
2024-07-18T06:37:06.937434+00:00 DEBUG 'ansible_navigator.actions.collections._update_args' Looking in /home/student
2024-07-18T06:37:06.937480+00:00 DEBUG 'ansible_navigator.actions.collections._update_args' Looking for '/home/student/.ansible-navigator.yml', '/home/student/.ansible-navigator.yaml' and '/home/student/.ansible-navigator.json'
2024-07-18T06:37:06.937508+00:00 DEBUG 'ansible_navigator.actions.collections._update_args' Found 0: 
2024-07-18T06:37:06.937532+00:00 DEBUG 'ansible_navigator.actions.collections._update_args' Looking in /home/student/do374/proj
2024-07-18T06:37:06.937554+00:00 DEBUG 'ansible_navigator.actions.collections._update_args' Looking for '/home/student/do374/proj/ansible-navigator.yml', '/home/student/do374/proj/ansible-navigator.yaml' and '/home/student/do374/proj/ansible-navigator.json'
2024-07-18T06:37:06.937578+00:00 DEBUG 'ansible_navigator.actions.collections._update_args' Found 1: '/home/student/do374/proj/ansible-navigator.yaml'
2024-07-18T06:37:06.937599+00:00 DEBUG 'ansible_navigator.actions.collections._update_args' All found 1: '/home/student/do374/proj/ansible-navigator.yaml'
2024-07-18T06:37:06.937621+00:00 DEBUG 'ansible_navigator.actions.collections._update_args' Using: /home/student/do374/proj/ansible-navigator.yaml
2024-07-18T06:37:06.937641+00:00 DEBUG 'ansible_navigator.actions.collections._update_args' Using settings file at /home/student/do374/proj/ansible-navigator.yaml in search path
2024-07-18T06:37:06.937663+00:00 DEBUG 'ansible_navigator.actions.collections._update_args' Command provided: ''
2024-07-18T06:37:06.937727+00:00 INFO 'ansible_navigator.actions.collections._update_args' 'display_color' cannot be reconfigured. (restore original)
2024-07-18T06:37:06.937766+00:00 INFO 'ansible_navigator.actions.collections._update_args' 'mode' cannot be reconfigured. (restore original)
2024-07-18T06:37:06.937798+00:00 INFO 'ansible_navigator.actions.collections._update_args' 'display_color' cannot be reconfigured. (apply defaults)
2024-07-18T06:37:06.937830+00:00 INFO 'ansible_navigator.actions.collections._update_args' 'mode' cannot be reconfigured. (apply defaults)
2024-07-18T06:37:06.937856+00:00 DEBUG 'ansible_navigator.actions.collections._update_args' ansible-navigator.ansible-runner.artifact-dir not found in settings file
2024-07-18T06:37:06.937887+00:00 DEBUG 'ansible_navigator.actions.collections._update_args' ansible-navigator.ansible-runner.rotate-artifacts-count not found in settings file
2024-07-18T06:37:06.937908+00:00 DEBUG 'ansible_navigator.actions.collections._update_args' ansible-navigator.ansible-runner.timeout not found in settings file
2024-07-18T06:37:06.937928+00:00 DEBUG 'ansible_navigator.actions.collections._update_args' ansible-navigator.app not found in settings file
2024-07-18T06:37:06.937948+00:00 DEBUG 'ansible_navigator.actions.collections._update_args' ansible-navigator.ansible.cmdline not found in settings file
2024-07-18T06:37:06.937985+00:00 DEBUG 'ansible_navigator.actions.collections._update_args' ansible-navigator.collection-doc-cache-path not found in settings file
2024-07-18T06:37:06.938007+00:00 DEBUG 'ansible_navigator.actions.collections._update_args' ansible-navigator.ansible.config.path not found in settings file
2024-07-18T06:37:06.938106+00:00 DEBUG 'ansible_navigator.actions.collections._update_args' ansible-navigator.execution-environment.container-options not found in settings file
2024-07-18T06:37:06.938136+00:00 DEBUG 'ansible_navigator.actions.collections._update_args' ansible-navigator.color.enable not found in settings file
2024-07-18T06:37:06.938156+00:00 DEBUG 'ansible_navigator.actions.collections._update_args' ansible-navigator.editor.command not found in settings file
2024-07-18T06:37:06.938176+00:00 DEBUG 'ansible_navigator.actions.collections._update_args' ansible-navigator.editor.console not found in settings file
2024-07-18T06:37:06.938195+00:00 DEBUG 'ansible_navigator.actions.collections._update_args' ansible-navigator.exec.command not found in settings file
2024-07-18T06:37:06.938215+00:00 DEBUG 'ansible_navigator.actions.collections._update_args' ansible-navigator.exec.shell not found in settings file
2024-07-18T06:37:06.938235+00:00 DEBUG 'ansible_navigator.actions.collections._update_args' ansible-navigator.execution-environment.enabled not found in settings file
2024-07-18T06:37:06.938255+00:00 DEBUG 'ansible_navigator.actions.collections._update_args' ansible-navigator.execution-environment.volume-mounts not found in settings file
2024-07-18T06:37:06.938275+00:00 DEBUG 'ansible_navigator.actions.collections._update_args' ansible-navigator.ansible-builder.help not found in settings file
2024-07-18T06:37:06.938295+00:00 DEBUG 'ansible_navigator.actions.collections._update_args' ansible-navigator.ansible.config.help not found in settings file
2024-07-18T06:37:06.938314+00:00 DEBUG 'ansible_navigator.actions.collections._update_args' ansible-navigator.ansible.doc.help not found in settings file
2024-07-18T06:37:06.938334+00:00 DEBUG 'ansible_navigator.actions.collections._update_args' ansible-navigator.ansible.inventory.help not found in settings file
2024-07-18T06:37:06.938353+00:00 DEBUG 'ansible_navigator.actions.collections._update_args' ansible-navigator.ansible.playbook.help not found in settings file
2024-07-18T06:37:06.938372+00:00 DEBUG 'ansible_navigator.actions.collections._update_args' ansible-navigator.images.details not found in settings file
2024-07-18T06:37:06.938391+00:00 DEBUG 'ansible_navigator.actions.collections._update_args' ansible-navigator.ansible.inventory.entries not found in settings file
2024-07-18T06:37:06.938422+00:00 DEBUG 'ansible_navigator.actions.collections._update_args' ansible-navigator.inventory-columns not found in settings file
2024-07-18T06:37:06.938442+00:00 DEBUG 'ansible_navigator.actions.collections._update_args' ansible-navigator.ansible-lint.config not found in settings file
2024-07-18T06:37:06.938462+00:00 DEBUG 'ansible_navigator.actions.collections._update_args' ansible-navigator.ansible-lint.lintables not found in settings file
2024-07-18T06:37:06.938481+00:00 DEBUG 'ansible_navigator.actions.collections._update_args' ansible-navigator.logging.append not found in settings file
2024-07-18T06:37:06.938500+00:00 DEBUG 'ansible_navigator.actions.collections._update_args' ansible-navigator.logging.level not found in settings file
2024-07-18T06:37:06.938520+00:00 INFO 'ansible_navigator.actions.collections._update_args' 'mode' cannot be reconfigured. (settings file)
2024-07-18T06:37:06.938539+00:00 DEBUG 'ansible_navigator.actions.collections._update_args' ansible-navigator.color.osc4 not found in settings file
2024-07-18T06:37:06.938559+00:00 DEBUG 'ansible_navigator.actions.collections._update_args' ansible-navigator.execution-environment.environment-variables.pass not found in settings file
2024-07-18T06:37:06.938578+00:00 DEBUG 'ansible_navigator.actions.collections._update_args' ansible-navigator.ansible.playbook.path not found in settings file
2024-07-18T06:37:06.938598+00:00 DEBUG 'ansible_navigator.actions.collections._update_args' ansible-navigator.playbook-artifact.replay not found in settings file
2024-07-18T06:37:06.938618+00:00 DEBUG 'ansible_navigator.actions.collections._update_args' ansible-navigator.playbook-artifact.save-as not found in settings file
2024-07-18T06:37:06.938637+00:00 DEBUG 'ansible_navigator.actions.collections._update_args' ansible-navigator.ansible.doc.plugin.name not found in settings file
2024-07-18T06:37:06.938657+00:00 DEBUG 'ansible_navigator.actions.collections._update_args' ansible-navigator.ansible.doc.plugin.type not found in settings file
2024-07-18T06:37:06.938676+00:00 DEBUG 'ansible_navigator.actions.collections._update_args' ansible-navigator.execution-environment.pull.arguments not found in settings file
2024-07-18T06:37:06.938696+00:00 DEBUG 'ansible_navigator.actions.collections._update_args' ansible-navigator.execution-environment.pull.policy not found in settings file
2024-07-18T06:37:06.938715+00:00 DEBUG 'ansible_navigator.actions.collections._update_args' ansible-navigator.execution-environment.environment-variables.set not found in settings file
2024-07-18T06:37:06.938735+00:00 DEBUG 'ansible_navigator.actions.collections._update_args' ansible-navigator.settings.effective not found in settings file
2024-07-18T06:37:06.938757+00:00 DEBUG 'ansible_navigator.actions.collections._update_args' ansible-navigator.settings.sample not found in settings file
2024-07-18T06:37:06.938781+00:00 DEBUG 'ansible_navigator.actions.collections._update_args' ansible-navigator.settings.schema not found in settings file
2024-07-18T06:37:06.938800+00:00 DEBUG 'ansible_navigator.actions.collections._update_args' ansible-navigator.settings.sources not found in settings file
2024-07-18T06:37:06.938820+00:00 DEBUG 'ansible_navigator.actions.collections._update_args' ansible-navigator.time-zone not found in settings file
2024-07-18T06:37:06.938839+00:00 DEBUG 'ansible_navigator.actions.collections._update_args' ansible-navigator.ansible-builder.workdir not found in settings file
2024-07-18T06:37:06.938861+00:00 INFO 'ansible_navigator.actions.collections._update_args' 'display_color' cannot be reconfigured (apply previous cli)
2024-07-18T06:37:06.938892+00:00 INFO 'ansible_navigator.actions.collections._update_args' 'mode' cannot be reconfigured (apply previous cli)
2024-07-18T06:37:06.938914+00:00 DEBUG 'ansible_navigator.actions.collections._update_args' EE support enabled: using current working directory for 'ansible.cfg'
2024-07-18T06:37:06.938934+00:00 INFO 'ansible_navigator.actions.collections._update_args' EE support enabled: found 'ansible.cfg' in current working directory.
2024-07-18T06:37:06.938971+00:00 DEBUG 'ansible_navigator.actions.collections._update_args' Completed post processing for ansible_runner_artifact_dir. (changed=False)
2024-07-18T06:37:06.938995+00:00 DEBUG 'ansible_navigator.actions.collections._update_args' Completed post processing for ansible_runner_rotate_artifacts_count. (changed=False)
2024-07-18T06:37:06.939015+00:00 DEBUG 'ansible_navigator.actions.collections._update_args' Completed post processing for ansible_runner_timeout. (changed=False)
2024-07-18T06:37:06.939063+00:00 DEBUG 'ansible_navigator.actions.collections._update_args' Completed post processing for cmdline. (changed=False)
2024-07-18T06:37:06.939084+00:00 DEBUG 'ansible_navigator.actions.collections._update_args' Completed post processing for collection_doc_cache_path. (changed=False)
2024-07-18T06:37:06.939104+00:00 DEBUG 'ansible_navigator.actions.collections._update_args' Completed post processing for container_engine. (changed=False)
2024-07-18T06:37:06.939124+00:00 DEBUG 'ansible_navigator.actions.collections._update_args' Completed post processing for container_options. (changed=False)
2024-07-18T06:37:06.939143+00:00 INFO 'ansible_navigator.actions.collections._update_args' 'display_color' cannot be reconfigured. (post process)
2024-07-18T06:37:06.939163+00:00 DEBUG 'ansible_navigator.actions.collections._update_args' Completed post processing for execution_environment. (changed=False)
2024-07-18T06:37:06.939183+00:00 DEBUG 'ansible_navigator.actions.collections._update_args' Completed post processing for execution_environment_image. (changed=True)
2024-07-18T06:37:06.939203+00:00 DEBUG 'ansible_navigator.actions.collections._update_args'  before: 'hub.lab.example.com/ee-supported-rhel8'
2024-07-18T06:37:06.939223+00:00 DEBUG 'ansible_navigator.actions.collections._update_args'  after: 'hub.lab.example.com/ee-supported-rhel8:latest'
2024-07-18T06:37:06.939243+00:00 DEBUG 'ansible_navigator.actions.collections._update_args' Completed post processing for help_builder. (changed=False)
2024-07-18T06:37:06.939262+00:00 DEBUG 'ansible_navigator.actions.collections._update_args' Completed post processing for help_config. (changed=False)
2024-07-18T06:37:06.939282+00:00 DEBUG 'ansible_navigator.actions.collections._update_args' Completed post processing for help_doc. (changed=False)
2024-07-18T06:37:06.939301+00:00 DEBUG 'ansible_navigator.actions.collections._update_args' Completed post processing for help_inventory. (changed=False)
2024-07-18T06:37:06.939321+00:00 DEBUG 'ansible_navigator.actions.collections._update_args' Completed post processing for help_playbook. (changed=False)
2024-07-18T06:37:06.939340+00:00 DEBUG 'ansible_navigator.actions.collections._update_args' Completed post processing for images_details. (changed=False)
2024-07-18T06:37:06.939359+00:00 DEBUG 'ansible_navigator.actions.collections._update_args' Completed post processing for inventory. (changed=True)
2024-07-18T06:37:06.939380+00:00 DEBUG 'ansible_navigator.actions.collections._update_args'  before: 'Not set'
2024-07-18T06:37:06.939400+00:00 DEBUG 'ansible_navigator.actions.collections._update_args'  after: '['/home/student/do374/proj/hosts']'
2024-07-18T06:37:06.939419+00:00 DEBUG 'ansible_navigator.actions.collections._update_args' Completed post processing for inventory_column. (changed=False)
2024-07-18T06:37:06.939439+00:00 DEBUG 'ansible_navigator.actions.collections._update_args' Completed post processing for log_file. (changed=True)
2024-07-18T06:37:06.939458+00:00 DEBUG 'ansible_navigator.actions.collections._update_args'  before: 'logs/ansible-navigator.log'
2024-07-18T06:37:06.939478+00:00 DEBUG 'ansible_navigator.actions.collections._update_args'  after: '/home/student/do374/proj/logs/ansible-navigator.log'
2024-07-18T06:37:06.939497+00:00 DEBUG 'ansible_navigator.actions.collections._update_args' Completed post processing for pass_environment_variable. (changed=False)
2024-07-18T06:37:06.939517+00:00 DEBUG 'ansible_navigator.actions.collections._update_args' Completed post processing for playbook. (changed=False)
2024-07-18T06:37:06.939542+00:00 DEBUG 'ansible_navigator.actions.collections._update_args' Completed post processing for playbook_artifact_replay. (changed=False)
2024-07-18T06:37:06.939562+00:00 DEBUG 'ansible_navigator.actions.collections._update_args' Completed post processing for playbook_artifact_save_as. (changed=False)
2024-07-18T06:37:06.939581+00:00 DEBUG 'ansible_navigator.actions.collections._update_args' Completed post processing for plugin_name. (changed=False)
2024-07-18T06:37:06.939600+00:00 DEBUG 'ansible_navigator.actions.collections._update_args' Completed post processing for pull_arguments. (changed=False)
2024-07-18T06:37:06.939620+00:00 DEBUG 'ansible_navigator.actions.collections._update_args' Completed post processing for set_environment_variable. (changed=False)
2024-07-18T06:37:06.939639+00:00 DEBUG 'ansible_navigator.actions.collections._update_args' Completed post processing for settings_effective. (changed=False)
2024-07-18T06:37:06.939658+00:00 DEBUG 'ansible_navigator.actions.collections._update_args' Completed post processing for settings_sample. (changed=False)
2024-07-18T06:37:06.939677+00:00 DEBUG 'ansible_navigator.actions.collections._update_args' Completed post processing for settings_schema. (changed=False)
2024-07-18T06:37:06.939697+00:00 DEBUG 'ansible_navigator.actions.collections._update_args' Completed post processing for settings_sources. (changed=False)
2024-07-18T06:37:06.939716+00:00 DEBUG 'ansible_navigator.actions.collections._update_args' Completed post processing for time_zone. (changed=False)
2024-07-18T06:37:06.939736+00:00 DEBUG 'ansible_navigator.actions.collections._update_args' Completed post processing for execution_environment_volume_mounts. (changed=False)
2024-07-18T06:37:06.939755+00:00 INFO 'ansible_navigator.actions.collections._update_args' 'mode' cannot be reconfigured. (post process)
2024-07-18T06:37:06.939775+00:00 DEBUG 'ansible_navigator.actions.collections._update_args' Collection doc cache not mounted
2024-07-18T06:37:06.939796+00:00 DEBUG 'ansible_navigator.actions.collections._update_args' Collection doc cache: 'path' is '/home/student/.cache/ansible-navigator/collection_doc_cache.db'
2024-07-18T06:37:06.939816+00:00 DEBUG 'ansible_navigator.actions.collections._update_args' Collection doc cache: 'current version' is '1.0'
2024-07-18T06:37:06.939835+00:00 DEBUG 'ansible_navigator.actions.collections._update_args' Collection doc cache attached to args.internals
2024-07-18T06:37:06.939855+00:00 DEBUG 'ansible_navigator.actions.collections._update_args' Running with ansible_runner_artifact_dir as 'Not set' (Constants/Not set)
2024-07-18T06:37:06.939876+00:00 DEBUG 'ansible_navigator.actions.collections._update_args' Running with ansible_runner_rotate_artifacts_count as 'Not set' (Constants/Not set)
2024-07-18T06:37:06.939906+00:00 DEBUG 'ansible_navigator.actions.collections._update_args' Running with ansible_runner_timeout as 'Not set' (Constants/Not set)
2024-07-18T06:37:06.939926+00:00 DEBUG 'ansible_navigator.actions.collections._update_args' Running with app as 'welcome' (str/Defaults)
2024-07-18T06:37:06.939945+00:00 DEBUG 'ansible_navigator.actions.collections._update_args' Running with cmdline as 'Not set' (Constants/Not set)
2024-07-18T06:37:06.939977+00:00 DEBUG 'ansible_navigator.actions.collections._update_args' Running with collection_doc_cache_path as '/home/student/.cache/ansible-navigator/collection_doc_cache.db' (str/Defaults)
2024-07-18T06:37:06.940001+00:00 DEBUG 'ansible_navigator.actions.collections._update_args' Running with config as 'Not set' (Constants/Not set)
2024-07-18T06:37:06.940020+00:00 DEBUG 'ansible_navigator.actions.collections._update_args' Running with container_engine as 'podman' (str/Settings file)
2024-07-18T06:37:06.940056+00:00 DEBUG 'ansible_navigator.actions.collections._update_args' Running with container_options as 'Not set' (Constants/Not set)
2024-07-18T06:37:06.940078+00:00 DEBUG 'ansible_navigator.actions.collections._update_args' Running with display_color as 'True' (bool/Defaults)
2024-07-18T06:37:06.940116+00:00 DEBUG 'ansible_navigator.actions.collections._update_args' Running with editor_command as 'vi +{line_number} {filename}' (str/Defaults)
2024-07-18T06:37:06.940149+00:00 DEBUG 'ansible_navigator.actions.collections._update_args' Running with editor_console as 'True' (bool/Defaults)
2024-07-18T06:37:06.940181+00:00 DEBUG 'ansible_navigator.actions.collections._update_args' Running with exec_command as '/bin/bash' (str/Defaults)
2024-07-18T06:37:06.940216+00:00 DEBUG 'ansible_navigator.actions.collections._update_args' Running with exec_shell as 'True' (bool/Defaults)
2024-07-18T06:37:06.940250+00:00 DEBUG 'ansible_navigator.actions.collections._update_args' Running with execution_environment as 'True' (bool/Defaults)
2024-07-18T06:37:06.940279+00:00 DEBUG 'ansible_navigator.actions.collections._update_args' Running with execution_environment_image as 'hub.lab.example.com/ee-supported-rhel8:latest' (str/Settings file)
2024-07-18T06:37:06.940301+00:00 DEBUG 'ansible_navigator.actions.collections._update_args' Running with execution_environment_volume_mounts as 'Not set' (Constants/Not set)
2024-07-18T06:37:06.940320+00:00 DEBUG 'ansible_navigator.actions.collections._update_args' Running with help_builder as 'False' (bool/Defaults)
2024-07-18T06:37:06.940340+00:00 DEBUG 'ansible_navigator.actions.collections._update_args' Running with help_config as 'False' (bool/Defaults)
2024-07-18T06:37:06.940359+00:00 DEBUG 'ansible_navigator.actions.collections._update_args' Running with help_doc as 'False' (bool/Defaults)
2024-07-18T06:37:06.940378+00:00 DEBUG 'ansible_navigator.actions.collections._update_args' Running with help_inventory as 'False' (bool/Defaults)
2024-07-18T06:37:06.940398+00:00 DEBUG 'ansible_navigator.actions.collections._update_args' Running with help_playbook as 'False' (bool/Defaults)
2024-07-18T06:37:06.940417+00:00 DEBUG 'ansible_navigator.actions.collections._update_args' Running with images_details as '['everything']' (list/Defaults)
2024-07-18T06:37:06.940436+00:00 DEBUG 'ansible_navigator.actions.collections._update_args' Running with inventory as '['/home/student/do374/proj/hosts']' (list/Ansible configuration file)
2024-07-18T06:37:06.940456+00:00 DEBUG 'ansible_navigator.actions.collections._update_args' Running with inventory_column as 'Not set' (Constants/Not set)
2024-07-18T06:37:06.940476+00:00 DEBUG 'ansible_navigator.actions.collections._update_args' Running with lint_config as 'Not set' (Constants/Not set)
2024-07-18T06:37:06.940496+00:00 DEBUG 'ansible_navigator.actions.collections._update_args' Running with lintables as 'Not set' (Constants/Not set)
2024-07-18T06:37:06.940515+00:00 DEBUG 'ansible_navigator.actions.collections._update_args' Running with log_append as 'True' (bool/Defaults)
2024-07-18T06:37:06.940534+00:00 DEBUG 'ansible_navigator.actions.collections._update_args' Running with log_file as '/home/student/do374/proj/logs/ansible-navigator.log' (str/Settings file)
2024-07-18T06:37:06.940553+00:00 DEBUG 'ansible_navigator.actions.collections._update_args' Running with log_level as 'debug' (str/Previous cli command)
2024-07-18T06:37:06.940573+00:00 DEBUG 'ansible_navigator.actions.collections._update_args' Running with mode as 'stdout' (str/Settings file)
2024-07-18T06:37:06.940592+00:00 DEBUG 'ansible_navigator.actions.collections._update_args' Running with osc4 as 'True' (bool/Defaults)
2024-07-18T06:37:06.940612+00:00 DEBUG 'ansible_navigator.actions.collections._update_args' Running with pass_environment_variable as 'Not set' (Constants/Not set)
2024-07-18T06:37:06.940632+00:00 DEBUG 'ansible_navigator.actions.collections._update_args' Running with playbook as 'Not set' (Constants/Not set)
2024-07-18T06:37:06.940651+00:00 DEBUG 'ansible_navigator.actions.collections._update_args' Running with playbook_artifact_enable as 'False' (bool/Settings file)
2024-07-18T06:37:06.940670+00:00 DEBUG 'ansible_navigator.actions.collections._update_args' Running with playbook_artifact_replay as 'Not set' (Constants/Not set)
2024-07-18T06:37:06.940697+00:00 DEBUG 'ansible_navigator.actions.collections._update_args' Running with playbook_artifact_save_as as '{playbook_dir}/{playbook_name}-artifact-{time_stamp}.json' (str/Defaults)
2024-07-18T06:37:06.940718+00:00 DEBUG 'ansible_navigator.actions.collections._update_args' Running with plugin_name as 'Not set' (Constants/Not set)
2024-07-18T06:37:06.940737+00:00 DEBUG 'ansible_navigator.actions.collections._update_args' Running with plugin_type as 'module' (str/Defaults)
2024-07-18T06:37:06.940756+00:00 DEBUG 'ansible_navigator.actions.collections._update_args' Running with pull_arguments as 'Not set' (Constants/Not set)
2024-07-18T06:37:06.940775+00:00 DEBUG 'ansible_navigator.actions.collections._update_args' Running with pull_policy as 'tag' (str/Defaults)
2024-07-18T06:37:06.940795+00:00 DEBUG 'ansible_navigator.actions.collections._update_args' Running with set_environment_variable as 'Not set' (Constants/Not set)
2024-07-18T06:37:06.940814+00:00 DEBUG 'ansible_navigator.actions.collections._update_args' Running with settings_effective as 'False' (bool/Defaults)
2024-07-18T06:37:06.940834+00:00 DEBUG 'ansible_navigator.actions.collections._update_args' Running with settings_sample as 'False' (bool/Defaults)
2024-07-18T06:37:06.940853+00:00 DEBUG 'ansible_navigator.actions.collections._update_args' Running with settings_schema as 'json' (str/Defaults)
2024-07-18T06:37:06.940872+00:00 DEBUG 'ansible_navigator.actions.collections._update_args' Running with settings_sources as 'False' (bool/Defaults)
2024-07-18T06:37:06.940894+00:00 DEBUG 'ansible_navigator.actions.collections._update_args' Running with time_zone as 'UTC' (str/Defaults)
2024-07-18T06:37:06.940924+00:00 DEBUG 'ansible_navigator.actions.collections._update_args' Running with workdir as '/home/student/do374/proj' (str/Defaults)
2024-07-18T06:37:06.941126+00:00 DEBUG 'ansible_navigator.actions.collections._run_runner' Execution Environment's PYTHONPATH is set to: ${PYTHONPATH}:/opt/ansible_navigator_utils
2024-07-18T06:37:06.941271+00:00 DEBUG 'ansible_navigator.actions.collections._run_runner' running collections command with execution environment enabled
2024-07-18T06:37:06.941479+00:00 DEBUG 'ansible_navigator.actions.collections._run_runner' Adding volume mount to container invocation: /usr/share/ansible_navigator/utils:/usr/share/ansible_navigator/utils
2024-07-18T06:37:06.941516+00:00 DEBUG 'ansible_navigator.actions.collections._run_runner' Adding volume mount to container invocation: /usr/lib/python3.9/site-packages/ansible_navigator/actions/../utils:/opt/ansible_navigator_utils
2024-07-18T06:37:06.941542+00:00 DEBUG 'ansible_navigator.actions.collections._run_runner' Adding volume mount to container invocation: /home/student/do374/proj/collections:/home/student/do374/proj/collections:z
2024-07-18T06:37:06.941564+00:00 DEBUG 'ansible_navigator.actions.collections._run_runner' Adding volume mount to container invocation: /home/student/.cache/ansible-navigator/collection_doc_cache.db:/home/student/.cache/ansible-navigator/collection_doc_cache.db:z
2024-07-18T06:37:06.941592+00:00 DEBUG 'ansible_navigator.actions.collections._run_runner' Invoke runner with executable_cmd: python3 and kwargs: {'container_engine': 'podman', 'execution_environment_image': 'hub.lab.example.com/ee-supported-rhel8:latest', 'execution_environment': True, 'navigator_mode': 'interactive', 'pass_environment_variable': <Constants.NOT_SET: 'Not set'>, 'set_environment_variable': {'ANSIBLE_NOCOLOR': 'True', 'PYTHONPATH': '${PYTHONPATH}:/opt/ansible_navigator_utils'}, 'private_data_dir': <Constants.NOT_SET: 'Not set'>, 'rotate_artifacts': <Constants.NOT_SET: 'Not set'>, 'timeout': <Constants.NOT_SET: 'Not set'>, 'host_cwd': '/home/student/do374/proj', 'cmdline': ['/usr/share/ansible_navigator/utils/catalog_collections.py', '-a', '/home/student/do374/proj/collections', '-c', '/home/student/.cache/ansible-navigator/collection_doc_cache.db'], 'container_volume_mounts': ['/usr/share/ansible_navigator/utils:/usr/share/ansible_navigator/utils', '/usr/lib/python3.9/site-packages/ansible_navigator/actions/../utils:/opt/ansible_navigator_utils', '/home/student/do374/proj/collections:/home/student/do374/proj/collections:z', '/home/student/.cache/ansible-navigator/collection_doc_cache.db:/home/student/.cache/ansible-navigator/collection_doc_cache.db:z']}
2024-07-18T06:37:06.942886+00:00 DEBUG 'ansible_navigator.runner.base._set_private_data_directory' private data dir not user provided, used tmp location: /tmp/ansible-navigator_yovkcoao
2024-07-18T06:37:06.943465+00:00 DEBUG 'ansible_navigator.runner.base.generate_run_command_args' Runner arg: container_image:hub.lab.example.com/ee-supported-rhel8:latest
2024-07-18T06:37:06.943631+00:00 DEBUG 'ansible_navigator.runner.base.generate_run_command_args' Runner arg: process_isolation_executable:podman
2024-07-18T06:37:06.943692+00:00 DEBUG 'ansible_navigator.runner.base.generate_run_command_args' Runner arg: process_isolation:True
2024-07-18T06:37:06.943741+00:00 DEBUG 'ansible_navigator.runner.base.generate_run_command_args' Runner arg: container_volume_mounts:['/usr/share/ansible_navigator/utils:/usr/share/ansible_navigator/utils', '/usr/lib/python3.9/site-packages/ansible_navigator/actions/../utils:/opt/ansible_navigator_utils', '/home/student/do374/proj/collections:/home/student/do374/proj/collections:z', '/home/student/.cache/ansible-navigator/collection_doc_cache.db:/home/student/.cache/ansible-navigator/collection_doc_cache.db:z']
2024-07-18T06:37:06.943828+00:00 DEBUG 'ansible_navigator.runner.base.generate_run_command_args' Runner arg: container_options:None
2024-07-18T06:37:06.943875+00:00 DEBUG 'ansible_navigator.runner.base.generate_run_command_args' Runner arg: container_workdir:None
2024-07-18T06:37:06.943903+00:00 DEBUG 'ansible_navigator.runner.base.generate_run_command_args' Runner arg: private_data_dir:/tmp/ansible-navigator_yovkcoao
2024-07-18T06:37:06.943930+00:00 DEBUG 'ansible_navigator.runner.base.generate_run_command_args' Runner arg: json_mode:True
2024-07-18T06:37:06.943957+00:00 DEBUG 'ansible_navigator.runner.base.generate_run_command_args' Runner arg: quiet:True
2024-07-18T06:37:06.944005+00:00 DEBUG 'ansible_navigator.runner.base.generate_run_command_args' Runner arg: cancel_callback:<bound method Base.runner_cancelled_callback of <ansible_navigator.runner.command.Command object at 0x7fd374defcd0>>
2024-07-18T06:37:06.944086+00:00 DEBUG 'ansible_navigator.runner.base.generate_run_command_args' Runner arg: finished_callback:<bound method Base.runner_finished_callback of <ansible_navigator.runner.command.Command object at 0x7fd374defcd0>>
2024-07-18T06:37:06.944118+00:00 DEBUG 'ansible_navigator.runner.base.generate_run_command_args' Runner arg: artifacts_handler:<bound method Base.runner_artifacts_handler of <ansible_navigator.runner.command.Command object at 0x7fd374defcd0>>
2024-07-18T06:37:06.944144+00:00 DEBUG 'ansible_navigator.runner.base.generate_run_command_args' Runner arg: timeout:None
2024-07-18T06:37:06.944171+00:00 DEBUG 'ansible_navigator.runner.base.generate_run_command_args' Runner arg: envvars:{'ANSIBLE_NOCOLOR': 'True', 'PYTHONPATH': '${PYTHONPATH}:/opt/ansible_navigator_utils'}
2024-07-18T06:37:06.944207+00:00 DEBUG 'ansible_navigator.runner.base.generate_run_command_args' Runner arg: host_cwd:/home/student/do374/proj/
2024-07-18T06:37:06.944235+00:00 DEBUG 'ansible_navigator.runner.base.generate_run_command_args' Runner arg: executable_cmd:python3
2024-07-18T06:37:06.944261+00:00 DEBUG 'ansible_navigator.runner.base.generate_run_command_args' Runner arg: cmdline_args:['/usr/share/ansible_navigator/utils/catalog_collections.py', '-a', '/home/student/do374/proj/collections', '-c', '/home/student/.cache/ansible-navigator/collection_doc_cache.db']
2024-07-18T06:37:06.946722+00:00 DEBUG 'ansible-runner._handle_command_wrap' containerization enabled
2024-07-18T06:37:06.948822+00:00 DEBUG 'ansible-runner.wrap_args_for_containerization' container engine invocation: podman run --rm --tty --interactive -v /home/student/do374/proj/:/home/student/do374/proj/ --workdir /home/student/do374/proj -v /run/user/1000/keyring/:/run/user/1000/keyring/ -e SSH_AUTH_SOCK=/run/user/1000/keyring/ssh -v /home/student/.ssh/:/home/runner/.ssh/ -v /home/student/.ssh/:/root/.ssh/ --group-add=root --ipc=host -v /tmp/ansible-navigator_yovkcoao/artifacts/:/runner/artifacts/:Z -v /tmp/ansible-navigator_yovkcoao/:/runner/:Z -v /usr/share/ansible_navigator/utils/:/usr/share/ansible_navigator/utils/ -v /usr/lib/python3.9/site-packages/ansible_navigator/utils/:/opt/ansible_navigator_utils/ -v /home/student/do374/proj/collections/:/home/student/do374/proj/collections/:z -v /home/student/.cache/ansible-navigator/:/home/student/.cache/ansible-navigator/:z --env-file /tmp/ansible-navigator_yovkcoao/artifacts/97b6e7fe-8c8a-4b9a-adbb-0fc064dfbf82/env.list --quiet --name ansible_runner_97b6e7fe-8c8a-4b9a-adbb-0fc064dfbf82 hub.lab.example.com/ee-supported-rhel8:latest python3 /usr/share/ansible_navigator/utils/catalog_collections.py -a /home/student/do374/proj/collections -c /home/student/.cache/ansible-navigator/collection_doc_cache.db
2024-07-18T06:37:06.949211+00:00 DEBUG 'ansible-runner._handle_command_wrap' command: podman run --rm --tty --interactive -v /home/student/do374/proj/:/home/student/do374/proj/ --workdir /home/student/do374/proj -v /run/user/1000/keyring/:/run/user/1000/keyring/ -e SSH_AUTH_SOCK=/run/user/1000/keyring/ssh -v /home/student/.ssh/:/home/runner/.ssh/ -v /home/student/.ssh/:/root/.ssh/ --group-add=root --ipc=host -v /tmp/ansible-navigator_yovkcoao/artifacts/:/runner/artifacts/:Z -v /tmp/ansible-navigator_yovkcoao/:/runner/:Z -v /usr/share/ansible_navigator/utils/:/usr/share/ansible_navigator/utils/ -v /usr/lib/python3.9/site-packages/ansible_navigator/utils/:/opt/ansible_navigator_utils/ -v /home/student/do374/proj/collections/:/home/student/do374/proj/collections/:z -v /home/student/.cache/ansible-navigator/:/home/student/.cache/ansible-navigator/:z --env-file /tmp/ansible-navigator_yovkcoao/artifacts/97b6e7fe-8c8a-4b9a-adbb-0fc064dfbf82/env.list --quiet --name ansible_runner_97b6e7fe-8c8a-4b9a-adbb-0fc064dfbf82 hub.lab.example.com/ee-supported-rhel8:latest python3 /usr/share/ansible_navigator/utils/catalog_collections.py -a /home/student/do374/proj/collections -c /home/student/.cache/ansible-navigator/collection_doc_cache.db
2024-07-18T06:37:10.155284+00:00 DEBUG 'ansible_navigator.runner.base.runner_artifacts_handler' ansible-runner artifact_dir set to: '/tmp/ansible-navigator_yovkcoao/artifacts/97b6e7fe-8c8a-4b9a-adbb-0fc064dfbf82'
2024-07-18T06:37:10.156070+00:00 ERROR 'ansible_navigator.actions.collections._parse' Unable to extract collection json from stdout
2024-07-18T06:37:10.156201+00:00 DEBUG 'ansible_navigator.actions.collections._parse' error json loading output: 'not enough values to unpack (expected 2, got 1)'
2024-07-18T06:37:10.156262+00:00 DEBUG 'ansible_navigator.actions.collections._parse' Traceback (most recent call last):
  File "/usr/share/ansible_navigator/utils/catalog_collections.py", line 607, in <module>
    result = main()
  File "/usr/share/ansible_navigator/utils/catalog_collections.py", line 563, in main
    collections, errors = cc_obj.process_directories()
  File "/usr/share/ansible_navigator/utils/catalog_collections.py", line 335, in process_directories
    self._catalog_roles(collection)
  File "/usr/share/ansible_navigator/utils/catalog_collections.py", line 136, in _catalog_roles
    with argspec_path.open(encoding="utf-8") as fh:
  File "/usr/lib64/python3.9/pathlib.py", line 1252, in open
    return io.open(self, mode, buffering, encoding, errors, newline,
  File "/usr/lib64/python3.9/pathlib.py", line 1120, in _opener
    return self._accessor.open(self, flags, mode)
NotADirectoryError: [Errno 20] Not a directory: '/home/student/do374/proj/collections/ansible_collections/kelvin/lai/roles/ansible-navigator.log/meta/argument_specs.yml'

