2024-08-27T06:47:08.284321+00:00 WARNING 'ansible_navigator.image_manager.puller._log_message' Image inspection failed, image assumed to be corrupted or missing
2024-08-27T06:47:08.541360+00:00 ERROR 'ansible_navigator.image_manager.puller._log_message' Execution environment pull failed
2024-08-27T06:52:03.812106+00:00 INFO 'ansible_navigator.setup_logger' New ansible-navigator instance, logging initialized
2024-08-27T06:52:03.812577+00:00 INFO 'ansible_navigator.setup_logger' New ansible-runner instance, logging initialized
2024-08-27T06:52:03.812642+00:00 DEBUG 'ansible_navigator.main' ansible-builder==1.1.0 /usr/lib/python3.9/site-packages
2024-08-27T06:52:03.812671+00:00 DEBUG 'ansible_navigator.main' ansible-core==2.13.4 /usr/lib/python3.9/site-packages
2024-08-27T06:52:03.812696+00:00 DEBUG 'ansible_navigator.main' ansible-navigator==2.1.0 /usr/lib/python3.9/site-packages
2024-08-27T06:52:03.812718+00:00 DEBUG 'ansible_navigator.main' ansible-runner==2.2.1 /usr/lib/python3.9/site-packages
2024-08-27T06:52:03.812738+00:00 DEBUG 'ansible_navigator.main' attrs==21.4.0 /usr/lib/python3.9/site-packages
2024-08-27T06:52:03.812759+00:00 DEBUG 'ansible_navigator.main' bindep==2.10.2 /usr/lib/python3.9/site-packages
2024-08-27T06:52:03.812778+00:00 DEBUG 'ansible_navigator.main' cffi==1.14.3 /usr/lib64/python3.9/site-packages
2024-08-27T06:52:03.812799+00:00 DEBUG 'ansible_navigator.main' cryptography==3.3.1 /usr/lib64/python3.9/site-packages
2024-08-27T06:52:03.812819+00:00 DEBUG 'ansible_navigator.main' distro==1.6.0 /usr/lib/python3.9/site-packages
2024-08-27T06:52:03.812838+00:00 DEBUG 'ansible_navigator.main' docutils==0.16 /usr/lib/python3.9/site-packages
2024-08-27T06:52:03.812858+00:00 DEBUG 'ansible_navigator.main' idna==2.10 /usr/lib/python3.9/site-packages
2024-08-27T06:52:03.812878+00:00 DEBUG 'ansible_navigator.main' importlib-metadata==4.10.1 /usr/lib/python3.9/site-packages
2024-08-27T06:52:03.812898+00:00 DEBUG 'ansible_navigator.main' jinja2==3.0.3 /usr/lib/python3.9/site-packages
2024-08-27T06:52:03.812917+00:00 DEBUG 'ansible_navigator.main' jsonschema==4.6.0 /usr/lib/python3.9/site-packages
2024-08-27T06:52:03.812937+00:00 DEBUG 'ansible_navigator.main' lockfile==0.12.2 /usr/lib/python3.9/site-packages
2024-08-27T06:52:03.812957+00:00 DEBUG 'ansible_navigator.main' markupsafe==2.1.0 /usr/lib64/python3.9/site-packages
2024-08-27T06:52:03.812976+00:00 DEBUG 'ansible_navigator.main' onigurumacffi==1.1.0 /usr/lib64/python3.9/site-packages
2024-08-27T06:52:03.813019+00:00 DEBUG 'ansible_navigator.main' packaging==21.3 /usr/lib/python3.9/site-packages
2024-08-27T06:52:03.813042+00:00 DEBUG 'ansible_navigator.main' parsley==1.3 /usr/lib/python3.9/site-packages
2024-08-27T06:52:03.813062+00:00 DEBUG 'ansible_navigator.main' pbr==5.8.1 /usr/lib/python3.9/site-packages
2024-08-27T06:52:03.813082+00:00 DEBUG 'ansible_navigator.main' pexpect==4.8.0 /usr/lib/python3.9/site-packages
2024-08-27T06:52:03.813101+00:00 DEBUG 'ansible_navigator.main' pip==20.2.4 /usr/lib/python3.9/site-packages
2024-08-27T06:52:03.813121+00:00 DEBUG 'ansible_navigator.main' ply==3.11 /usr/lib/python3.9/site-packages
2024-08-27T06:52:03.813140+00:00 DEBUG 'ansible_navigator.main' ptyprocess==0.6.0 /usr/lib/python3.9/site-packages
2024-08-27T06:52:03.813160+00:00 DEBUG 'ansible_navigator.main' pycparser==2.20 /usr/lib/python3.9/site-packages
2024-08-27T06:52:03.813179+00:00 DEBUG 'ansible_navigator.main' pyparsing==2.4.7 /usr/lib/python3.9/site-packages
2024-08-27T06:52:03.813198+00:00 DEBUG 'ansible_navigator.main' pyrsistent==0.18.1 /usr/lib64/python3.9/site-packages
2024-08-27T06:52:03.813218+00:00 DEBUG 'ansible_navigator.main' python-daemon==2.3.0 /usr/lib/python3.9/site-packages
2024-08-27T06:52:03.813236+00:00 DEBUG 'ansible_navigator.main' pyyaml==5.4.1 /usr/lib64/python3.9/site-packages
2024-08-27T06:52:03.813256+00:00 DEBUG 'ansible_navigator.main' requirements-parser==0.2.0 /usr/lib/python3.9/site-packages
2024-08-27T06:52:03.813275+00:00 DEBUG 'ansible_navigator.main' resolvelib==0.5.4 /usr/lib/python3.9/site-packages
2024-08-27T06:52:03.813294+00:00 DEBUG 'ansible_navigator.main' setuptools==50.3.2 /usr/lib/python3.9/site-packages
2024-08-27T06:52:03.813323+00:00 DEBUG 'ansible_navigator.main' six==1.15.0 /usr/lib/python3.9/site-packages
2024-08-27T06:52:03.813344+00:00 DEBUG 'ansible_navigator.main' typing-extensions==3.10.0.2 /usr/lib/python3.9/site-packages
2024-08-27T06:52:03.813363+00:00 DEBUG 'ansible_navigator.main' zipp==3.4.0 /usr/lib/python3.9/site-packages
2024-08-27T06:52:03.813383+00:00 DEBUG 'ansible_navigator.main' Share directory '/usr/lib/python3.9/share/ansible_navigator' not found (development path)
2024-08-27T06:52:03.813413+00:00 DEBUG 'ansible_navigator.main' Share directory '/home/student/.local/share/ansible_navigator' not found (userbase)
2024-08-27T06:52:03.813437+00:00 DEBUG 'ansible_navigator.main' Share directory '/usr/share/ansible_navigator' found (sys.prefix)
2024-08-27T06:52:03.813464+00:00 DEBUG 'ansible_navigator.main' Default collection_doc_cache_path set to: /home/student/.cache/ansible-navigator/collection_doc_cache.db
2024-08-27T06:52:03.813485+00:00 DEBUG 'ansible_navigator.main' EDITOR environment variable not set
2024-08-27T06:52:03.813511+00:00 DEBUG 'ansible_navigator.main' Default editor_command set to: vi +{line_number} {filename}
2024-08-27T06:52:03.813536+00:00 DEBUG 'ansible_navigator.main' No config file set by ANSIBLE_NAVIGATOR_CONFIG
2024-08-27T06:52:03.813556+00:00 DEBUG 'ansible_navigator.main' Looking in /home/student
2024-08-27T06:52:03.813576+00:00 DEBUG 'ansible_navigator.main' Looking for '/home/student/.ansible-navigator.yml', '/home/student/.ansible-navigator.yaml' and '/home/student/.ansible-navigator.json'
2024-08-27T06:52:03.813597+00:00 DEBUG 'ansible_navigator.main' Found 0: 
2024-08-27T06:52:03.813617+00:00 DEBUG 'ansible_navigator.main' Looking in /home/student/proj
2024-08-27T06:52:03.813636+00:00 DEBUG 'ansible_navigator.main' Looking for '/home/student/proj/ansible-navigator.yml', '/home/student/proj/ansible-navigator.yaml' and '/home/student/proj/ansible-navigator.json'
2024-08-27T06:52:03.813656+00:00 DEBUG 'ansible_navigator.main' Found 1: '/home/student/proj/ansible-navigator.yaml'
2024-08-27T06:52:03.813675+00:00 DEBUG 'ansible_navigator.main' All found 1: '/home/student/proj/ansible-navigator.yaml'
2024-08-27T06:52:03.813695+00:00 DEBUG 'ansible_navigator.main' Using: /home/student/proj/ansible-navigator.yaml
2024-08-27T06:52:03.813714+00:00 DEBUG 'ansible_navigator.main' Using settings file at /home/student/proj/ansible-navigator.yaml in search path
2024-08-27T06:52:03.813734+00:00 DEBUG 'ansible_navigator.main' Command provided: '--eei ee-supported-rhel8 --pp never settings --effective'
2024-08-27T06:52:03.813757+00:00 WARNING 'ansible_navigator.main' Configuration errors encountered, rolling back to previous configuration.
2024-08-27T06:52:03.813777+00:00 DEBUG 'ansible_navigator.main' Prior to rollback: ansible_runner_artifact_dir = 'Not set' (Constants/Not set)
2024-08-27T06:52:03.813796+00:00 DEBUG 'ansible_navigator.main' Prior to rollback: ansible_runner_rotate_artifacts_count = 'Not set' (Constants/Not set)
2024-08-27T06:52:03.813816+00:00 DEBUG 'ansible_navigator.main' Prior to rollback: ansible_runner_timeout = 'Not set' (Constants/Not set)
2024-08-27T06:52:03.813835+00:00 DEBUG 'ansible_navigator.main' Prior to rollback: app = 'settings' (str/Command line)
2024-08-27T06:52:03.813854+00:00 DEBUG 'ansible_navigator.main' Prior to rollback: cmdline = 'Not set' (Constants/Not set)
2024-08-27T06:52:03.813874+00:00 DEBUG 'ansible_navigator.main' Prior to rollback: collection_doc_cache_path = '/home/student/.cache/ansible-navigator/collection_doc_cache.db' (str/Defaults)
2024-08-27T06:52:03.813893+00:00 DEBUG 'ansible_navigator.main' Prior to rollback: config = 'Not set' (Constants/Not set)
2024-08-27T06:52:03.813913+00:00 DEBUG 'ansible_navigator.main' Prior to rollback: container_engine = 'auto' (str/Defaults)
2024-08-27T06:52:03.813932+00:00 DEBUG 'ansible_navigator.main' Prior to rollback: container_options = 'Not set' (Constants/Not set)
2024-08-27T06:52:03.813951+00:00 DEBUG 'ansible_navigator.main' Prior to rollback: display_color = 'True' (bool/Defaults)
2024-08-27T06:52:03.813976+00:00 DEBUG 'ansible_navigator.main' Prior to rollback: editor_command = 'vi +{line_number} {filename}' (str/Defaults)
2024-08-27T06:52:03.814004+00:00 DEBUG 'ansible_navigator.main' Prior to rollback: editor_console = 'True' (bool/Defaults)
2024-08-27T06:52:03.814025+00:00 DEBUG 'ansible_navigator.main' Prior to rollback: exec_command = '/bin/bash' (str/Defaults)
2024-08-27T06:52:03.814045+00:00 DEBUG 'ansible_navigator.main' Prior to rollback: exec_shell = 'True' (bool/Defaults)
2024-08-27T06:52:03.814065+00:00 DEBUG 'ansible_navigator.main' Prior to rollback: execution_environment = 'True' (bool/Defaults)
2024-08-27T06:52:03.814084+00:00 DEBUG 'ansible_navigator.main' Prior to rollback: execution_environment_image = 'ee-supported-rhel8' (str/Command line)
2024-08-27T06:52:03.814104+00:00 DEBUG 'ansible_navigator.main' Prior to rollback: execution_environment_volume_mounts = 'Not set' (Constants/Not set)
2024-08-27T06:52:03.814123+00:00 DEBUG 'ansible_navigator.main' Prior to rollback: help_builder = 'False' (bool/Defaults)
2024-08-27T06:52:03.814143+00:00 DEBUG 'ansible_navigator.main' Prior to rollback: help_config = 'False' (bool/Defaults)
2024-08-27T06:52:03.814162+00:00 DEBUG 'ansible_navigator.main' Prior to rollback: help_doc = 'False' (bool/Defaults)
2024-08-27T06:52:03.814182+00:00 DEBUG 'ansible_navigator.main' Prior to rollback: help_inventory = 'False' (bool/Defaults)
2024-08-27T06:52:03.814201+00:00 DEBUG 'ansible_navigator.main' Prior to rollback: help_playbook = 'False' (bool/Defaults)
2024-08-27T06:52:03.814220+00:00 DEBUG 'ansible_navigator.main' Prior to rollback: images_details = '['everything']' (list/Defaults)
2024-08-27T06:52:03.814240+00:00 DEBUG 'ansible_navigator.main' Prior to rollback: inventory = 'Not set' (Constants/Not set)
2024-08-27T06:52:03.814259+00:00 DEBUG 'ansible_navigator.main' Prior to rollback: inventory_column = 'Not set' (Constants/Not set)
2024-08-27T06:52:03.814278+00:00 DEBUG 'ansible_navigator.main' Prior to rollback: lint_config = 'Not set' (Constants/Not set)
2024-08-27T06:52:03.814302+00:00 DEBUG 'ansible_navigator.main' Prior to rollback: lintables = 'Not set' (Constants/Not set)
2024-08-27T06:52:03.814322+00:00 DEBUG 'ansible_navigator.main' Prior to rollback: log_append = 'True' (bool/Defaults)
2024-08-27T06:52:03.814341+00:00 DEBUG 'ansible_navigator.main' Prior to rollback: log_file = '/home/student/proj/ansible-navigator.log' (str/Defaults)
2024-08-27T06:52:03.814360+00:00 DEBUG 'ansible_navigator.main' Prior to rollback: log_level = 'warning' (str/Defaults)
2024-08-27T06:52:03.814379+00:00 DEBUG 'ansible_navigator.main' Prior to rollback: mode = 'interactive' (str/Defaults)
2024-08-27T06:52:03.814399+00:00 DEBUG 'ansible_navigator.main' Prior to rollback: osc4 = 'True' (bool/Defaults)
2024-08-27T06:52:03.814430+00:00 DEBUG 'ansible_navigator.main' Prior to rollback: pass_environment_variable = 'Not set' (Constants/Not set)
2024-08-27T06:52:03.814449+00:00 DEBUG 'ansible_navigator.main' Prior to rollback: playbook = 'Not set' (Constants/Not set)
2024-08-27T06:52:03.814469+00:00 DEBUG 'ansible_navigator.main' Prior to rollback: playbook_artifact_enable = 'True' (bool/Defaults)
2024-08-27T06:52:03.814488+00:00 DEBUG 'ansible_navigator.main' Prior to rollback: playbook_artifact_replay = 'Not set' (Constants/Not set)
2024-08-27T06:52:03.814507+00:00 DEBUG 'ansible_navigator.main' Prior to rollback: playbook_artifact_save_as = '{playbook_dir}/{playbook_name}-artifact-{time_stamp}.json' (str/Defaults)
2024-08-27T06:52:03.814536+00:00 DEBUG 'ansible_navigator.main' Prior to rollback: plugin_name = 'Not set' (Constants/Not set)
2024-08-27T06:52:03.814556+00:00 DEBUG 'ansible_navigator.main' Prior to rollback: plugin_type = 'module' (str/Defaults)
2024-08-27T06:52:03.814576+00:00 DEBUG 'ansible_navigator.main' Prior to rollback: pull_arguments = 'Not set' (Constants/Not set)
2024-08-27T06:52:03.814595+00:00 DEBUG 'ansible_navigator.main' Prior to rollback: pull_policy = 'never' (str/Command line)
2024-08-27T06:52:03.814638+00:00 DEBUG 'ansible_navigator.main' Prior to rollback: set_environment_variable = 'Not set' (Constants/Not set)
2024-08-27T06:52:03.814659+00:00 DEBUG 'ansible_navigator.main' Prior to rollback: settings_effective = 'True' (bool/Command line)
2024-08-27T06:52:03.814679+00:00 DEBUG 'ansible_navigator.main' Prior to rollback: settings_sample = 'False' (bool/Defaults)
2024-08-27T06:52:03.814698+00:00 DEBUG 'ansible_navigator.main' Prior to rollback: settings_schema = 'json' (str/Defaults)
2024-08-27T06:52:03.814717+00:00 DEBUG 'ansible_navigator.main' Prior to rollback: settings_sources = 'False' (bool/Defaults)
2024-08-27T06:52:03.814736+00:00 DEBUG 'ansible_navigator.main' Prior to rollback: time_zone = 'UTC' (str/Defaults)
2024-08-27T06:52:03.814756+00:00 DEBUG 'ansible_navigator.main' Prior to rollback: workdir = '/home/student/proj' (str/Defaults)
2024-08-27T06:52:03.814775+00:00 DEBUG 'ansible_navigator.main' After rollback: ansible_runner_artifact_dir = 'Not set' (Constants/Not set)
2024-08-27T06:52:03.814795+00:00 DEBUG 'ansible_navigator.main' After rollback: ansible_runner_rotate_artifacts_count = 'Not set' (Constants/Not set)
2024-08-27T06:52:03.814814+00:00 DEBUG 'ansible_navigator.main' After rollback: ansible_runner_timeout = 'Not set' (Constants/Not set)
2024-08-27T06:52:03.814833+00:00 DEBUG 'ansible_navigator.main' After rollback: app = 'Not set' (Constants/Not set)
2024-08-27T06:52:03.814852+00:00 DEBUG 'ansible_navigator.main' After rollback: cmdline = 'Not set' (Constants/Not set)
2024-08-27T06:52:03.814871+00:00 DEBUG 'ansible_navigator.main' After rollback: collection_doc_cache_path = 'Not set' (Constants/Not set)
2024-08-27T06:52:03.814890+00:00 DEBUG 'ansible_navigator.main' After rollback: config = 'Not set' (Constants/Not set)
2024-08-27T06:52:03.814909+00:00 DEBUG 'ansible_navigator.main' After rollback: container_engine = 'Not set' (Constants/Not set)
2024-08-27T06:52:03.814928+00:00 DEBUG 'ansible_navigator.main' After rollback: container_options = 'Not set' (Constants/Not set)
2024-08-27T06:52:03.814947+00:00 DEBUG 'ansible_navigator.main' After rollback: display_color = 'Not set' (Constants/Not set)
2024-08-27T06:52:03.814965+00:00 DEBUG 'ansible_navigator.main' After rollback: editor_command = 'Not set' (Constants/Not set)
2024-08-27T06:52:03.814985+00:00 DEBUG 'ansible_navigator.main' After rollback: editor_console = 'Not set' (Constants/Not set)
2024-08-27T06:52:03.815017+00:00 DEBUG 'ansible_navigator.main' After rollback: exec_command = 'Not set' (Constants/Not set)
2024-08-27T06:52:03.815045+00:00 DEBUG 'ansible_navigator.main' After rollback: exec_shell = 'Not set' (Constants/Not set)
2024-08-27T06:52:03.815064+00:00 DEBUG 'ansible_navigator.main' After rollback: execution_environment = 'Not set' (Constants/Not set)
2024-08-27T06:52:03.815084+00:00 DEBUG 'ansible_navigator.main' After rollback: execution_environment_image = 'Not set' (Constants/Not set)
2024-08-27T06:52:03.815103+00:00 DEBUG 'ansible_navigator.main' After rollback: execution_environment_volume_mounts = 'Not set' (Constants/Not set)
2024-08-27T06:52:03.815122+00:00 DEBUG 'ansible_navigator.main' After rollback: help_builder = 'Not set' (Constants/Not set)
2024-08-27T06:52:03.815141+00:00 DEBUG 'ansible_navigator.main' After rollback: help_config = 'Not set' (Constants/Not set)
2024-08-27T06:52:03.815160+00:00 DEBUG 'ansible_navigator.main' After rollback: help_doc = 'Not set' (Constants/Not set)
2024-08-27T06:52:03.815179+00:00 DEBUG 'ansible_navigator.main' After rollback: help_inventory = 'Not set' (Constants/Not set)
2024-08-27T06:52:03.815199+00:00 DEBUG 'ansible_navigator.main' After rollback: help_playbook = 'Not set' (Constants/Not set)
2024-08-27T06:52:03.815218+00:00 DEBUG 'ansible_navigator.main' After rollback: images_details = 'Not set' (Constants/Not set)
2024-08-27T06:52:03.815237+00:00 DEBUG 'ansible_navigator.main' After rollback: inventory = 'Not set' (Constants/Not set)
2024-08-27T06:52:03.815256+00:00 DEBUG 'ansible_navigator.main' After rollback: inventory_column = 'Not set' (Constants/Not set)
2024-08-27T06:52:03.815279+00:00 DEBUG 'ansible_navigator.main' After rollback: lint_config = 'Not set' (Constants/Not set)
2024-08-27T06:52:03.815299+00:00 DEBUG 'ansible_navigator.main' After rollback: lintables = 'Not set' (Constants/Not set)
2024-08-27T06:52:03.815318+00:00 DEBUG 'ansible_navigator.main' After rollback: log_append = 'Not set' (Constants/Not set)
2024-08-27T06:52:03.815337+00:00 DEBUG 'ansible_navigator.main' After rollback: log_file = 'Not set' (Constants/Not set)
2024-08-27T06:52:03.815356+00:00 DEBUG 'ansible_navigator.main' After rollback: log_level = 'Not set' (Constants/Not set)
2024-08-27T06:52:03.815375+00:00 DEBUG 'ansible_navigator.main' After rollback: mode = 'Not set' (Constants/Not set)
2024-08-27T06:52:03.815394+00:00 DEBUG 'ansible_navigator.main' After rollback: osc4 = 'Not set' (Constants/Not set)
2024-08-27T06:52:03.815427+00:00 DEBUG 'ansible_navigator.main' After rollback: pass_environment_variable = 'Not set' (Constants/Not set)
2024-08-27T06:52:03.815447+00:00 DEBUG 'ansible_navigator.main' After rollback: playbook = 'Not set' (Constants/Not set)
2024-08-27T06:52:03.815466+00:00 DEBUG 'ansible_navigator.main' After rollback: playbook_artifact_enable = 'Not set' (Constants/Not set)
2024-08-27T06:52:03.815485+00:00 DEBUG 'ansible_navigator.main' After rollback: playbook_artifact_replay = 'Not set' (Constants/Not set)
2024-08-27T06:52:03.815504+00:00 DEBUG 'ansible_navigator.main' After rollback: playbook_artifact_save_as = 'Not set' (Constants/Not set)
2024-08-27T06:52:03.815524+00:00 DEBUG 'ansible_navigator.main' After rollback: plugin_name = 'Not set' (Constants/Not set)
2024-08-27T06:52:03.815552+00:00 DEBUG 'ansible_navigator.main' After rollback: plugin_type = 'Not set' (Constants/Not set)
2024-08-27T06:52:03.815572+00:00 DEBUG 'ansible_navigator.main' After rollback: pull_arguments = 'Not set' (Constants/Not set)
2024-08-27T06:52:03.815592+00:00 DEBUG 'ansible_navigator.main' After rollback: pull_policy = 'Not set' (Constants/Not set)
2024-08-27T06:52:03.815611+00:00 DEBUG 'ansible_navigator.main' After rollback: set_environment_variable = 'Not set' (Constants/Not set)
2024-08-27T06:52:03.815630+00:00 DEBUG 'ansible_navigator.main' After rollback: settings_effective = 'Not set' (Constants/Not set)
2024-08-27T06:52:03.815649+00:00 DEBUG 'ansible_navigator.main' After rollback: settings_sample = 'Not set' (Constants/Not set)
2024-08-27T06:52:03.815668+00:00 DEBUG 'ansible_navigator.main' After rollback: settings_schema = 'Not set' (Constants/Not set)
2024-08-27T06:52:03.815687+00:00 DEBUG 'ansible_navigator.main' After rollback: settings_sources = 'Not set' (Constants/Not set)
2024-08-27T06:52:03.815706+00:00 DEBUG 'ansible_navigator.main' After rollback: time_zone = 'Not set' (Constants/Not set)
2024-08-27T06:52:03.815726+00:00 DEBUG 'ansible_navigator.main' After rollback: workdir = 'Not set' (Constants/Not set)
2024-08-27T06:52:03.815745+00:00 DEBUG 'ansible_navigator.main' Configuration rollback complete.
2024-08-27T06:52:03.815764+00:00 DEBUG 'ansible_navigator.main' Collection doc cache not mounted
2024-08-27T06:52:03.815797+00:00 WARNING 'ansible_navigator.main' Issues were found while applying the settings.
2024-08-27T06:52:03.815819+00:00 INFO 'ansible_navigator.main' Command provided: '--eei ee-supported-rhel8 --pp never settings --effective'
2024-08-27T06:52:03.815845+00:00 ERROR 'ansible_navigator.main' Settings file found /home/student/proj/ansible-navigator.yaml, but failed to load it.
2024-08-27T06:52:03.815867+00:00 ERROR 'ansible_navigator.main'   error was: 'Settings file cannot be empty.'
2024-08-27T06:52:03.815889+00:00 INFO 'ansible_navigator.main' Try checking the settings file '/home/student/proj/ansible-navigator.yaml'and ensure it is properly formatted
2024-08-27T06:52:03.815911+00:00 INFO 'ansible_navigator.main' Configuration failed, using default log file location. (/home/student/proj/ansible-navigator.log) Log level set to debug
2024-08-27T06:52:03.815933+00:00 INFO 'ansible_navigator.main' Review the hints and log file to see what went wrong.
2024-08-28T04:35:46.299125+00:00 WARNING 'ansible_navigator.run' Dirty exit, killing the pid
