2024-11-13T06:24:55.540127+00:00 INFO 'ansible_navigator.setup_logger' New ansible-navigator instance, logging initialized
2024-11-13T06:24:55.540435+00:00 INFO 'ansible_navigator.setup_logger' New ansible-runner instance, logging initialized
2024-11-13T06:24:55.540482+00:00 DEBUG 'ansible_navigator.main' ansible-builder==1.1.0 /usr/lib/python3.9/site-packages
2024-11-13T06:24:55.540509+00:00 DEBUG 'ansible_navigator.main' ansible-core==2.13.4 /usr/lib/python3.9/site-packages
2024-11-13T06:24:55.540533+00:00 DEBUG 'ansible_navigator.main' ansible-navigator==2.1.0 /usr/lib/python3.9/site-packages
2024-11-13T06:24:55.540554+00:00 DEBUG 'ansible_navigator.main' ansible-runner==2.2.1 /usr/lib/python3.9/site-packages
2024-11-13T06:24:55.540594+00:00 DEBUG 'ansible_navigator.main' attrs==21.4.0 /usr/lib/python3.9/site-packages
2024-11-13T06:24:55.540635+00:00 DEBUG 'ansible_navigator.main' bindep==2.10.2 /usr/lib/python3.9/site-packages
2024-11-13T06:24:55.540654+00:00 DEBUG 'ansible_navigator.main' cffi==1.14.3 /usr/lib64/python3.9/site-packages
2024-11-13T06:24:55.540673+00:00 DEBUG 'ansible_navigator.main' cryptography==3.3.1 /usr/lib64/python3.9/site-packages
2024-11-13T06:24:55.540691+00:00 DEBUG 'ansible_navigator.main' distro==1.6.0 /usr/lib/python3.9/site-packages
2024-11-13T06:24:55.540709+00:00 DEBUG 'ansible_navigator.main' docutils==0.16 /usr/lib/python3.9/site-packages
2024-11-13T06:24:55.540727+00:00 DEBUG 'ansible_navigator.main' idna==2.10 /usr/lib/python3.9/site-packages
2024-11-13T06:24:55.540746+00:00 DEBUG 'ansible_navigator.main' importlib-metadata==4.10.1 /usr/lib/python3.9/site-packages
2024-11-13T06:24:55.540764+00:00 DEBUG 'ansible_navigator.main' jinja2==3.0.3 /usr/lib/python3.9/site-packages
2024-11-13T06:24:55.540794+00:00 DEBUG 'ansible_navigator.main' jsonschema==4.6.0 /usr/lib/python3.9/site-packages
2024-11-13T06:24:55.540811+00:00 DEBUG 'ansible_navigator.main' lockfile==0.12.2 /usr/lib/python3.9/site-packages
2024-11-13T06:24:55.540828+00:00 DEBUG 'ansible_navigator.main' markupsafe==2.1.0 /usr/lib64/python3.9/site-packages
2024-11-13T06:24:55.540845+00:00 DEBUG 'ansible_navigator.main' onigurumacffi==1.1.0 /usr/lib64/python3.9/site-packages
2024-11-13T06:24:55.540862+00:00 DEBUG 'ansible_navigator.main' packaging==21.3 /usr/lib/python3.9/site-packages
2024-11-13T06:24:55.540879+00:00 DEBUG 'ansible_navigator.main' parsley==1.3 /usr/lib/python3.9/site-packages
2024-11-13T06:24:55.540896+00:00 DEBUG 'ansible_navigator.main' pbr==5.8.1 /usr/lib/python3.9/site-packages
2024-11-13T06:24:55.540913+00:00 DEBUG 'ansible_navigator.main' pexpect==4.8.0 /usr/lib/python3.9/site-packages
2024-11-13T06:24:55.540931+00:00 DEBUG 'ansible_navigator.main' pip==20.2.4 /usr/lib/python3.9/site-packages
2024-11-13T06:24:55.540948+00:00 DEBUG 'ansible_navigator.main' ply==3.11 /usr/lib/python3.9/site-packages
2024-11-13T06:24:55.540965+00:00 DEBUG 'ansible_navigator.main' ptyprocess==0.6.0 /usr/lib/python3.9/site-packages
2024-11-13T06:24:55.540982+00:00 DEBUG 'ansible_navigator.main' pycparser==2.20 /usr/lib/python3.9/site-packages
2024-11-13T06:24:55.540999+00:00 DEBUG 'ansible_navigator.main' pyparsing==2.4.7 /usr/lib/python3.9/site-packages
2024-11-13T06:24:55.541017+00:00 DEBUG 'ansible_navigator.main' pyrsistent==0.18.1 /usr/lib64/python3.9/site-packages
2024-11-13T06:24:55.541034+00:00 DEBUG 'ansible_navigator.main' python-daemon==2.3.0 /usr/lib/python3.9/site-packages
2024-11-13T06:24:55.541051+00:00 DEBUG 'ansible_navigator.main' pyyaml==5.4.1 /usr/lib64/python3.9/site-packages
2024-11-13T06:24:55.541068+00:00 DEBUG 'ansible_navigator.main' requirements-parser==0.2.0 /usr/lib/python3.9/site-packages
2024-11-13T06:24:55.541085+00:00 DEBUG 'ansible_navigator.main' resolvelib==0.5.4 /usr/lib/python3.9/site-packages
2024-11-13T06:24:55.541101+00:00 DEBUG 'ansible_navigator.main' setuptools==50.3.2 /usr/lib/python3.9/site-packages
2024-11-13T06:24:55.541118+00:00 DEBUG 'ansible_navigator.main' six==1.15.0 /usr/lib/python3.9/site-packages
2024-11-13T06:24:55.541135+00:00 DEBUG 'ansible_navigator.main' typing-extensions==3.10.0.2 /usr/lib/python3.9/site-packages
2024-11-13T06:24:55.541158+00:00 DEBUG 'ansible_navigator.main' zipp==3.4.0 /usr/lib/python3.9/site-packages
2024-11-13T06:24:55.541176+00:00 DEBUG 'ansible_navigator.main' Share directory '/usr/lib/python3.9/share/ansible_navigator' not found (development path)
2024-11-13T06:24:55.541193+00:00 DEBUG 'ansible_navigator.main' Share directory '/home/student/.local/share/ansible_navigator' not found (userbase)
2024-11-13T06:24:55.541210+00:00 DEBUG 'ansible_navigator.main' Share directory '/usr/share/ansible_navigator' found (sys.prefix)
2024-11-13T06:24:55.541227+00:00 DEBUG 'ansible_navigator.main' Default collection_doc_cache_path set to: /home/student/.cache/ansible-navigator/collection_doc_cache.db
2024-11-13T06:24:55.541245+00:00 DEBUG 'ansible_navigator.main' EDITOR environment variable not set
2024-11-13T06:24:55.541262+00:00 DEBUG 'ansible_navigator.main' Default editor_command set to: vi +{line_number} {filename}
2024-11-13T06:24:55.541279+00:00 DEBUG 'ansible_navigator.main' No config file set by ANSIBLE_NAVIGATOR_CONFIG
2024-11-13T06:24:55.541296+00:00 DEBUG 'ansible_navigator.main' Looking in /home/student
2024-11-13T06:24:55.541313+00:00 DEBUG 'ansible_navigator.main' Looking for '/home/student/.ansible-navigator.yml', '/home/student/.ansible-navigator.yaml' and '/home/student/.ansible-navigator.json'
2024-11-13T06:24:55.541331+00:00 DEBUG 'ansible_navigator.main' Found 0: 
2024-11-13T06:24:55.541348+00:00 DEBUG 'ansible_navigator.main' Looking in /home/student/proj
2024-11-13T06:24:55.541365+00:00 DEBUG 'ansible_navigator.main' Looking for '/home/student/proj/ansible-navigator.yml', '/home/student/proj/ansible-navigator.yaml' and '/home/student/proj/ansible-navigator.json'
2024-11-13T06:24:55.541382+00:00 DEBUG 'ansible_navigator.main' Found 1: '/home/student/proj/ansible-navigator.yaml'
2024-11-13T06:24:55.541399+00:00 DEBUG 'ansible_navigator.main' All found 1: '/home/student/proj/ansible-navigator.yaml'
2024-11-13T06:24:55.541416+00:00 DEBUG 'ansible_navigator.main' Using: /home/student/proj/ansible-navigator.yaml
2024-11-13T06:24:55.541433+00:00 DEBUG 'ansible_navigator.main' Using settings file at /home/student/proj/ansible-navigator.yaml in search path
2024-11-13T06:24:55.541450+00:00 DEBUG 'ansible_navigator.main' Command provided: 'test_lookup.yaml'
2024-11-13T06:24:55.541467+00:00 DEBUG 'ansible_navigator.main' ansible-navigator.ansible-runner.artifact-dir not found in settings file
2024-11-13T06:24:55.541483+00:00 DEBUG 'ansible_navigator.main' ansible-navigator.ansible-runner.rotate-artifacts-count not found in settings file
2024-11-13T06:24:55.541500+00:00 DEBUG 'ansible_navigator.main' ansible-navigator.ansible-runner.timeout not found in settings file
2024-11-13T06:24:55.541517+00:00 DEBUG 'ansible_navigator.main' ansible-navigator.app not found in settings file
2024-11-13T06:24:55.541534+00:00 DEBUG 'ansible_navigator.main' ansible-navigator.ansible.cmdline not found in settings file
2024-11-13T06:24:55.541551+00:00 DEBUG 'ansible_navigator.main' ansible-navigator.collection-doc-cache-path not found in settings file
2024-11-13T06:24:55.541568+00:00 DEBUG 'ansible_navigator.main' ansible-navigator.ansible.config.path not found in settings file
2024-11-13T06:24:55.541616+00:00 DEBUG 'ansible_navigator.main' ansible-navigator.execution-environment.container-engine not found in settings file
2024-11-13T06:24:55.541634+00:00 DEBUG 'ansible_navigator.main' ansible-navigator.execution-environment.container-options not found in settings file
2024-11-13T06:24:55.541651+00:00 DEBUG 'ansible_navigator.main' ansible-navigator.color.enable not found in settings file
2024-11-13T06:24:55.541668+00:00 DEBUG 'ansible_navigator.main' ansible-navigator.editor.command not found in settings file
2024-11-13T06:24:55.541685+00:00 DEBUG 'ansible_navigator.main' ansible-navigator.editor.console not found in settings file
2024-11-13T06:24:55.541702+00:00 DEBUG 'ansible_navigator.main' ansible-navigator.exec.command not found in settings file
2024-11-13T06:24:55.541719+00:00 DEBUG 'ansible_navigator.main' ansible-navigator.exec.shell not found in settings file
2024-11-13T06:24:55.541741+00:00 DEBUG 'ansible_navigator.main' ansible-navigator.execution-environment.enabled not found in settings file
2024-11-13T06:24:55.541758+00:00 DEBUG 'ansible_navigator.main' ansible-navigator.execution-environment.volume-mounts not found in settings file
2024-11-13T06:24:55.541776+00:00 DEBUG 'ansible_navigator.main' ansible-navigator.ansible-builder.help not found in settings file
2024-11-13T06:24:55.541793+00:00 DEBUG 'ansible_navigator.main' ansible-navigator.ansible.config.help not found in settings file
2024-11-13T06:24:55.541810+00:00 DEBUG 'ansible_navigator.main' ansible-navigator.ansible.doc.help not found in settings file
2024-11-13T06:24:55.541827+00:00 DEBUG 'ansible_navigator.main' ansible-navigator.ansible.inventory.help not found in settings file
2024-11-13T06:24:55.541844+00:00 DEBUG 'ansible_navigator.main' ansible-navigator.ansible.playbook.help not found in settings file
2024-11-13T06:24:55.541861+00:00 DEBUG 'ansible_navigator.main' ansible-navigator.images.details not found in settings file
2024-11-13T06:24:55.541878+00:00 DEBUG 'ansible_navigator.main' ansible-navigator.ansible.inventory.entries not found in settings file
2024-11-13T06:24:55.541895+00:00 DEBUG 'ansible_navigator.main' ansible-navigator.inventory-columns not found in settings file
2024-11-13T06:24:55.541912+00:00 DEBUG 'ansible_navigator.main' ansible-navigator.ansible-lint.config not found in settings file
2024-11-13T06:24:55.541929+00:00 DEBUG 'ansible_navigator.main' ansible-navigator.ansible-lint.lintables not found in settings file
2024-11-13T06:24:55.541946+00:00 DEBUG 'ansible_navigator.main' ansible-navigator.color.osc4 not found in settings file
2024-11-13T06:24:55.541962+00:00 DEBUG 'ansible_navigator.main' ansible-navigator.execution-environment.environment-variables.pass not found in settings file
2024-11-13T06:24:55.541979+00:00 DEBUG 'ansible_navigator.main' ansible-navigator.ansible.playbook.path not found in settings file
2024-11-13T06:24:55.541996+00:00 DEBUG 'ansible_navigator.main' ansible-navigator.playbook-artifact.replay not found in settings file
2024-11-13T06:24:55.542013+00:00 DEBUG 'ansible_navigator.main' ansible-navigator.playbook-artifact.save-as not found in settings file
2024-11-13T06:24:55.542030+00:00 DEBUG 'ansible_navigator.main' ansible-navigator.ansible.doc.plugin.name not found in settings file
2024-11-13T06:24:55.542047+00:00 DEBUG 'ansible_navigator.main' ansible-navigator.ansible.doc.plugin.type not found in settings file
2024-11-13T06:24:55.542064+00:00 DEBUG 'ansible_navigator.main' ansible-navigator.execution-environment.pull.arguments not found in settings file
2024-11-13T06:24:55.542081+00:00 DEBUG 'ansible_navigator.main' ansible-navigator.settings.effective not found in settings file
2024-11-13T06:24:55.542098+00:00 DEBUG 'ansible_navigator.main' ansible-navigator.settings.sample not found in settings file
2024-11-13T06:24:55.542124+00:00 DEBUG 'ansible_navigator.main' ansible-navigator.settings.schema not found in settings file
2024-11-13T06:24:55.542152+00:00 DEBUG 'ansible_navigator.main' ansible-navigator.settings.sources not found in settings file
2024-11-13T06:24:55.542181+00:00 DEBUG 'ansible_navigator.main' ansible-navigator.ansible-builder.workdir not found in settings file
2024-11-13T06:24:55.542214+00:00 WARNING 'ansible_navigator.main' Configuration errors encountered, rolling back to previous configuration.
2024-11-13T06:24:55.542244+00:00 DEBUG 'ansible_navigator.main' Prior to rollback: ansible_runner_artifact_dir = 'Not set' (Constants/Not set)
2024-11-13T06:24:55.542272+00:00 DEBUG 'ansible_navigator.main' Prior to rollback: ansible_runner_rotate_artifacts_count = 'Not set' (Constants/Not set)
2024-11-13T06:24:55.542298+00:00 DEBUG 'ansible_navigator.main' Prior to rollback: ansible_runner_timeout = 'Not set' (Constants/Not set)
2024-11-13T06:24:55.542325+00:00 DEBUG 'ansible_navigator.main' Prior to rollback: app = 'welcome' (str/Defaults)
2024-11-13T06:24:55.542352+00:00 DEBUG 'ansible_navigator.main' Prior to rollback: cmdline = '['test_lookup.yaml']' (list/Command line)
2024-11-13T06:24:55.542385+00:00 DEBUG 'ansible_navigator.main' Prior to rollback: collection_doc_cache_path = '/home/student/.cache/ansible-navigator/collection_doc_cache.db' (str/Defaults)
2024-11-13T06:24:55.542411+00:00 DEBUG 'ansible_navigator.main' Prior to rollback: config = 'Not set' (Constants/Not set)
2024-11-13T06:24:55.542437+00:00 DEBUG 'ansible_navigator.main' Prior to rollback: container_engine = 'auto' (str/Defaults)
2024-11-13T06:24:55.542465+00:00 DEBUG 'ansible_navigator.main' Prior to rollback: container_options = 'Not set' (Constants/Not set)
2024-11-13T06:24:55.542494+00:00 DEBUG 'ansible_navigator.main' Prior to rollback: display_color = 'True' (bool/Defaults)
2024-11-13T06:24:55.542539+00:00 DEBUG 'ansible_navigator.main' Prior to rollback: editor_command = 'vi +{line_number} {filename}' (str/Defaults)
2024-11-13T06:24:55.542569+00:00 DEBUG 'ansible_navigator.main' Prior to rollback: editor_console = 'True' (bool/Defaults)
2024-11-13T06:24:55.542629+00:00 DEBUG 'ansible_navigator.main' Prior to rollback: exec_command = '/bin/bash' (str/Defaults)
2024-11-13T06:24:55.542657+00:00 DEBUG 'ansible_navigator.main' Prior to rollback: exec_shell = 'True' (bool/Defaults)
2024-11-13T06:24:55.542685+00:00 DEBUG 'ansible_navigator.main' Prior to rollback: execution_environment = 'True' (bool/Defaults)
2024-11-13T06:24:55.542713+00:00 DEBUG 'ansible_navigator.main' Prior to rollback: execution_environment_image = 'ee-supported-rhel8:latest' (str/Settings file)
2024-11-13T06:24:55.542743+00:00 DEBUG 'ansible_navigator.main' Prior to rollback: execution_environment_volume_mounts = 'Not set' (Constants/Not set)
2024-11-13T06:24:55.542773+00:00 DEBUG 'ansible_navigator.main' Prior to rollback: help_builder = 'False' (bool/Defaults)
2024-11-13T06:24:55.542802+00:00 DEBUG 'ansible_navigator.main' Prior to rollback: help_config = 'False' (bool/Defaults)
2024-11-13T06:24:55.542830+00:00 DEBUG 'ansible_navigator.main' Prior to rollback: help_doc = 'False' (bool/Defaults)
2024-11-13T06:24:55.542858+00:00 DEBUG 'ansible_navigator.main' Prior to rollback: help_inventory = 'False' (bool/Defaults)
2024-11-13T06:24:55.542884+00:00 DEBUG 'ansible_navigator.main' Prior to rollback: help_playbook = 'False' (bool/Defaults)
2024-11-13T06:24:55.542910+00:00 DEBUG 'ansible_navigator.main' Prior to rollback: images_details = '['everything']' (list/Defaults)
2024-11-13T06:24:55.542937+00:00 DEBUG 'ansible_navigator.main' Prior to rollback: inventory = 'Not set' (Constants/Not set)
2024-11-13T06:24:55.542964+00:00 DEBUG 'ansible_navigator.main' Prior to rollback: inventory_column = 'Not set' (Constants/Not set)
2024-11-13T06:24:55.542991+00:00 DEBUG 'ansible_navigator.main' Prior to rollback: lint_config = 'Not set' (Constants/Not set)
2024-11-13T06:24:55.543017+00:00 DEBUG 'ansible_navigator.main' Prior to rollback: lintables = 'Not set' (Constants/Not set)
2024-11-13T06:24:55.543045+00:00 DEBUG 'ansible_navigator.main' Prior to rollback: log_append = 'True' (bool/Settings file)
2024-11-13T06:24:55.543074+00:00 DEBUG 'ansible_navigator.main' Prior to rollback: log_file = './logs/ansible-navigator.log' (str/Settings file)
2024-11-13T06:24:55.543104+00:00 DEBUG 'ansible_navigator.main' Prior to rollback: log_level = 'warning' (str/Settings file)
2024-11-13T06:24:55.543132+00:00 DEBUG 'ansible_navigator.main' Prior to rollback: mode = 'stdout' (str/Settings file)
2024-11-13T06:24:55.543160+00:00 DEBUG 'ansible_navigator.main' Prior to rollback: osc4 = 'True' (bool/Defaults)
2024-11-13T06:24:55.543188+00:00 DEBUG 'ansible_navigator.main' Prior to rollback: pass_environment_variable = 'Not set' (Constants/Not set)
2024-11-13T06:24:55.543214+00:00 DEBUG 'ansible_navigator.main' Prior to rollback: playbook = 'Not set' (Constants/Not set)
2024-11-13T06:24:55.543241+00:00 DEBUG 'ansible_navigator.main' Prior to rollback: playbook_artifact_enable = 'False' (bool/Settings file)
2024-11-13T06:24:55.543268+00:00 DEBUG 'ansible_navigator.main' Prior to rollback: playbook_artifact_replay = 'Not set' (Constants/Not set)
2024-11-13T06:24:55.543305+00:00 DEBUG 'ansible_navigator.main' Prior to rollback: playbook_artifact_save_as = '{playbook_dir}/{playbook_name}-artifact-{time_stamp}.json' (str/Defaults)
2024-11-13T06:24:55.543337+00:00 DEBUG 'ansible_navigator.main' Prior to rollback: plugin_name = 'Not set' (Constants/Not set)
2024-11-13T06:24:55.543369+00:00 DEBUG 'ansible_navigator.main' Prior to rollback: plugin_type = 'module' (str/Defaults)
2024-11-13T06:24:55.543392+00:00 DEBUG 'ansible_navigator.main' Prior to rollback: pull_arguments = 'Not set' (Constants/Not set)
2024-11-13T06:24:55.543411+00:00 DEBUG 'ansible_navigator.main' Prior to rollback: pull_policy = 'never' (str/Settings file)
2024-11-13T06:24:55.543429+00:00 DEBUG 'ansible_navigator.main' Prior to rollback: set_environment_variable = '{'ANSIBLE_STDOUT_CALLBACK': 'yaml'}' (dict/Settings file)
2024-11-13T06:24:55.543447+00:00 DEBUG 'ansible_navigator.main' Prior to rollback: settings_effective = 'False' (bool/Defaults)
2024-11-13T06:24:55.543465+00:00 DEBUG 'ansible_navigator.main' Prior to rollback: settings_sample = 'False' (bool/Defaults)
2024-11-13T06:24:55.543489+00:00 DEBUG 'ansible_navigator.main' Prior to rollback: settings_schema = 'json' (str/Defaults)
2024-11-13T06:24:55.543519+00:00 DEBUG 'ansible_navigator.main' Prior to rollback: settings_sources = 'False' (bool/Defaults)
2024-11-13T06:24:55.543561+00:00 DEBUG 'ansible_navigator.main' Prior to rollback: time_zone = 'UTC' (str/Settings file)
2024-11-13T06:24:55.543637+00:00 DEBUG 'ansible_navigator.main' Prior to rollback: workdir = '/home/student/proj' (str/Defaults)
2024-11-13T06:24:55.543670+00:00 DEBUG 'ansible_navigator.main' After rollback: ansible_runner_artifact_dir = 'Not set' (Constants/Not set)
2024-11-13T06:24:55.543699+00:00 DEBUG 'ansible_navigator.main' After rollback: ansible_runner_rotate_artifacts_count = 'Not set' (Constants/Not set)
2024-11-13T06:24:55.543725+00:00 DEBUG 'ansible_navigator.main' After rollback: ansible_runner_timeout = 'Not set' (Constants/Not set)
2024-11-13T06:24:55.543752+00:00 DEBUG 'ansible_navigator.main' After rollback: app = 'Not set' (Constants/Not set)
2024-11-13T06:24:55.543780+00:00 DEBUG 'ansible_navigator.main' After rollback: cmdline = 'Not set' (Constants/Not set)
2024-11-13T06:24:55.543808+00:00 DEBUG 'ansible_navigator.main' After rollback: collection_doc_cache_path = 'Not set' (Constants/Not set)
2024-11-13T06:24:55.543838+00:00 DEBUG 'ansible_navigator.main' After rollback: config = 'Not set' (Constants/Not set)
2024-11-13T06:24:55.543867+00:00 DEBUG 'ansible_navigator.main' After rollback: container_engine = 'Not set' (Constants/Not set)
2024-11-13T06:24:55.543895+00:00 DEBUG 'ansible_navigator.main' After rollback: container_options = 'Not set' (Constants/Not set)
2024-11-13T06:24:55.543924+00:00 DEBUG 'ansible_navigator.main' After rollback: display_color = 'Not set' (Constants/Not set)
2024-11-13T06:24:55.543950+00:00 DEBUG 'ansible_navigator.main' After rollback: editor_command = 'Not set' (Constants/Not set)
2024-11-13T06:24:55.543977+00:00 DEBUG 'ansible_navigator.main' After rollback: editor_console = 'Not set' (Constants/Not set)
2024-11-13T06:24:55.544005+00:00 DEBUG 'ansible_navigator.main' After rollback: exec_command = 'Not set' (Constants/Not set)
2024-11-13T06:24:55.544034+00:00 DEBUG 'ansible_navigator.main' After rollback: exec_shell = 'Not set' (Constants/Not set)
2024-11-13T06:24:55.544063+00:00 DEBUG 'ansible_navigator.main' After rollback: execution_environment = 'Not set' (Constants/Not set)
2024-11-13T06:24:55.544092+00:00 DEBUG 'ansible_navigator.main' After rollback: execution_environment_image = 'Not set' (Constants/Not set)
2024-11-13T06:24:55.544120+00:00 DEBUG 'ansible_navigator.main' After rollback: execution_environment_volume_mounts = 'Not set' (Constants/Not set)
2024-11-13T06:24:55.544148+00:00 DEBUG 'ansible_navigator.main' After rollback: help_builder = 'Not set' (Constants/Not set)
2024-11-13T06:24:55.544174+00:00 DEBUG 'ansible_navigator.main' After rollback: help_config = 'Not set' (Constants/Not set)
2024-11-13T06:24:55.544207+00:00 DEBUG 'ansible_navigator.main' After rollback: help_doc = 'Not set' (Constants/Not set)
2024-11-13T06:24:55.544237+00:00 DEBUG 'ansible_navigator.main' After rollback: help_inventory = 'Not set' (Constants/Not set)
2024-11-13T06:24:55.544266+00:00 DEBUG 'ansible_navigator.main' After rollback: help_playbook = 'Not set' (Constants/Not set)
2024-11-13T06:24:55.544296+00:00 DEBUG 'ansible_navigator.main' After rollback: images_details = 'Not set' (Constants/Not set)
2024-11-13T06:24:55.544323+00:00 DEBUG 'ansible_navigator.main' After rollback: inventory = 'Not set' (Constants/Not set)
2024-11-13T06:24:55.544363+00:00 DEBUG 'ansible_navigator.main' After rollback: inventory_column = 'Not set' (Constants/Not set)
2024-11-13T06:24:55.544389+00:00 DEBUG 'ansible_navigator.main' After rollback: lint_config = 'Not set' (Constants/Not set)
2024-11-13T06:24:55.544414+00:00 DEBUG 'ansible_navigator.main' After rollback: lintables = 'Not set' (Constants/Not set)
2024-11-13T06:24:55.544440+00:00 DEBUG 'ansible_navigator.main' After rollback: log_append = 'Not set' (Constants/Not set)
2024-11-13T06:24:55.544465+00:00 DEBUG 'ansible_navigator.main' After rollback: log_file = 'Not set' (Constants/Not set)
2024-11-13T06:24:55.544490+00:00 DEBUG 'ansible_navigator.main' After rollback: log_level = 'Not set' (Constants/Not set)
2024-11-13T06:24:55.544516+00:00 DEBUG 'ansible_navigator.main' After rollback: mode = 'Not set' (Constants/Not set)
2024-11-13T06:24:55.544543+00:00 DEBUG 'ansible_navigator.main' After rollback: osc4 = 'Not set' (Constants/Not set)
2024-11-13T06:24:55.544588+00:00 DEBUG 'ansible_navigator.main' After rollback: pass_environment_variable = 'Not set' (Constants/Not set)
2024-11-13T06:24:55.544627+00:00 DEBUG 'ansible_navigator.main' After rollback: playbook = 'Not set' (Constants/Not set)
2024-11-13T06:24:55.544656+00:00 DEBUG 'ansible_navigator.main' After rollback: playbook_artifact_enable = 'Not set' (Constants/Not set)
2024-11-13T06:24:55.544682+00:00 DEBUG 'ansible_navigator.main' After rollback: playbook_artifact_replay = 'Not set' (Constants/Not set)
2024-11-13T06:24:55.544709+00:00 DEBUG 'ansible_navigator.main' After rollback: playbook_artifact_save_as = 'Not set' (Constants/Not set)
2024-11-13T06:24:55.544738+00:00 DEBUG 'ansible_navigator.main' After rollback: plugin_name = 'Not set' (Constants/Not set)
2024-11-13T06:24:55.544765+00:00 DEBUG 'ansible_navigator.main' After rollback: plugin_type = 'Not set' (Constants/Not set)
2024-11-13T06:24:55.544793+00:00 DEBUG 'ansible_navigator.main' After rollback: pull_arguments = 'Not set' (Constants/Not set)
2024-11-13T06:24:55.544820+00:00 DEBUG 'ansible_navigator.main' After rollback: pull_policy = 'Not set' (Constants/Not set)
2024-11-13T06:24:55.544846+00:00 DEBUG 'ansible_navigator.main' After rollback: set_environment_variable = 'Not set' (Constants/Not set)
2024-11-13T06:24:55.544890+00:00 DEBUG 'ansible_navigator.main' After rollback: settings_effective = 'Not set' (Constants/Not set)
2024-11-13T06:24:55.544916+00:00 DEBUG 'ansible_navigator.main' After rollback: settings_sample = 'Not set' (Constants/Not set)
2024-11-13T06:24:55.544950+00:00 DEBUG 'ansible_navigator.main' After rollback: settings_schema = 'Not set' (Constants/Not set)
2024-11-13T06:24:55.544989+00:00 DEBUG 'ansible_navigator.main' After rollback: settings_sources = 'Not set' (Constants/Not set)
2024-11-13T06:24:55.545017+00:00 DEBUG 'ansible_navigator.main' After rollback: time_zone = 'Not set' (Constants/Not set)
2024-11-13T06:24:55.545046+00:00 DEBUG 'ansible_navigator.main' After rollback: workdir = 'Not set' (Constants/Not set)
2024-11-13T06:24:55.545073+00:00 DEBUG 'ansible_navigator.main' Configuration rollback complete.
2024-11-13T06:24:55.545100+00:00 DEBUG 'ansible_navigator.main' Collection doc cache not mounted
2024-11-13T06:24:55.545141+00:00 WARNING 'ansible_navigator.main' Issues were found while applying the settings.
2024-11-13T06:24:55.545171+00:00 INFO 'ansible_navigator.main' Command provided: 'test_lookup.yaml'
2024-11-13T06:24:55.545213+00:00 ERROR 'ansible_navigator.main' argument {subcommand} --help: invalid choice: 'test_lookup.yaml' (choose from 'builder', 'collections', 'config', 'doc', 'exec', 'images', 'inventory', 'lint', 'replay', 'run', 'settings', 'welcome')
2024-11-13T06:24:55.545248+00:00 INFO 'ansible_navigator.main' Configuration failed, using default log file location. (/home/student/proj/ansible-navigator.log) Log level set to debug
2024-11-13T06:24:55.545280+00:00 INFO 'ansible_navigator.main' Review the hints and log file to see what went wrong.
